{"/home/wakanda_forever/Desktop/AISHA/backend/src/app.ts": {"path":"/home/wakanda_forever/Desktop/AISHA/backend/src/app.ts","statementMap":{"0":{"start":{"line":1,"column":0},"end":{"line":1,"column":80}},"1":{"start":{"line":2,"column":0},"end":{"line":2,"column":26}},"2":{"start":{"line":3,"column":0},"end":{"line":3,"column":24}},"3":{"start":{"line":4,"column":0},"end":{"line":4,"column":28}},"4":{"start":{"line":5,"column":0},"end":{"line":5,"column":28}},"5":{"start":{"line":6,"column":0},"end":{"line":6,"column":28}},"6":{"start":{"line":7,"column":0},"end":{"line":7,"column":37}},"7":{"start":{"line":9,"column":0},"end":{"line":9,"column":16}},"8":{"start":{"line":11,"column":25},"end":{"line":11,"column":34}},"9":{"start":{"line":13,"column":0},"end":{"line":13,"column":45}},"10":{"start":{"line":14,"column":0},"end":{"line":14,"column":51}},"11":{"start":{"line":15,"column":0},"end":{"line":15,"column":74}},"12":{"start":{"line":16,"column":0},"end":{"line":16,"column":59}},"13":{"start":{"line":17,"column":0},"end":{"line":17,"column":57}},"14":{"start":{"line":18,"column":0},"end":{"line":18,"column":59}},"15":{"start":{"line":19,"column":0},"end":{"line":19,"column":47}},"16":{"start":{"line":20,"column":0},"end":{"line":20,"column":53}},"17":{"start":{"line":21,"column":0},"end":{"line":21,"column":61}},"18":{"start":{"line":22,"column":0},"end":{"line":22,"column":51}},"19":{"start":{"line":23,"column":0},"end":{"line":23,"column":53}},"20":{"start":{"line":24,"column":0},"end":{"line":24,"column":51}},"21":{"start":{"line":25,"column":0},"end":{"line":25,"column":55}},"22":{"start":{"line":26,"column":0},"end":{"line":26,"column":49}},"23":{"start":{"line":27,"column":0},"end":{"line":27,"column":41}},"24":{"start":{"line":28,"column":0},"end":{"line":28,"column":57}},"25":{"start":{"line":31,"column":0},"end":{"line":31,"column":18}},"26":{"start":{"line":32,"column":0},"end":{"line":32,"column":16}},"27":{"start":{"line":33,"column":0},"end":{"line":33,"column":23}},"28":{"start":{"line":34,"column":0},"end":{"line":34,"column":24}},"29":{"start":{"line":35,"column":0},"end":{"line":35,"column":48}},"30":{"start":{"line":36,"column":0},"end":{"line":36,"column":47}},"31":{"start":{"line":39,"column":17},"end":{"line":39,"column":33}},"32":{"start":{"line":41,"column":0},"end":{"line":41,"column":34}},"33":{"start":{"line":42,"column":0},"end":{"line":42,"column":41}},"34":{"start":{"line":43,"column":0},"end":{"line":43,"column":42}},"35":{"start":{"line":44,"column":0},"end":{"line":44,"column":50}},"36":{"start":{"line":45,"column":0},"end":{"line":45,"column":49}},"37":{"start":{"line":46,"column":0},"end":{"line":46,"column":46}},"38":{"start":{"line":47,"column":0},"end":{"line":47,"column":49}},"39":{"start":{"line":48,"column":0},"end":{"line":48,"column":36}},"40":{"start":{"line":49,"column":0},"end":{"line":49,"column":43}},"41":{"start":{"line":50,"column":0},"end":{"line":50,"column":51}},"42":{"start":{"line":51,"column":0},"end":{"line":51,"column":41}},"43":{"start":{"line":52,"column":0},"end":{"line":52,"column":42}},"44":{"start":{"line":53,"column":0},"end":{"line":53,"column":41}},"45":{"start":{"line":54,"column":0},"end":{"line":54,"column":45}},"46":{"start":{"line":55,"column":0},"end":{"line":55,"column":38}},"47":{"start":{"line":56,"column":0},"end":{"line":56,"column":30}},"48":{"start":{"line":57,"column":0},"end":{"line":57,"column":47}},"49":{"start":{"line":59,"column":0},"end":{"line":59,"column":29}},"50":{"start":{"line":60,"column":0},"end":{"line":60,"column":26}},"51":{"start":{"line":63,"column":0},"end":{"line":110,"column":3}},"52":{"start":{"line":64,"column":24},"end":{"line":72,"column":6}},"53":{"start":{"line":74,"column":4},"end":{"line":81,"column":5}},"54":{"start":{"line":75,"column":8},"end":{"line":75,"column":37}},"55":{"start":{"line":76,"column":8},"end":{"line":76,"column":47}},"56":{"start":{"line":78,"column":8},"end":{"line":78,"column":49}},"57":{"start":{"line":79,"column":8},"end":{"line":79,"column":53}},"58":{"start":{"line":80,"column":8},"end":{"line":80,"column":35}},"59":{"start":{"line":83,"column":4},"end":{"line":96,"column":5}},"60":{"start":{"line":84,"column":33},"end":{"line":84,"column":49}},"61":{"start":{"line":85,"column":23},"end":{"line":87,"column":10}},"62":{"start":{"line":88,"column":8},"end":{"line":88,"column":31}},"63":{"start":{"line":89,"column":8},"end":{"line":89,"column":28}},"64":{"start":{"line":90,"column":8},"end":{"line":90,"column":28}},"65":{"start":{"line":91,"column":8},"end":{"line":91,"column":44}},"66":{"start":{"line":93,"column":8},"end":{"line":93,"column":46}},"67":{"start":{"line":94,"column":8},"end":{"line":94,"column":50}},"68":{"start":{"line":95,"column":8},"end":{"line":95,"column":35}},"69":{"start":{"line":98,"column":4},"end":{"line":106,"column":5}},"70":{"start":{"line":99,"column":22},"end":{"line":99,"column":75}},"71":{"start":{"line":100,"column":22},"end":{"line":100,"column":75}},"72":{"start":{"line":101,"column":8},"end":{"line":101,"column":96}},"73":{"start":{"line":103,"column":8},"end":{"line":103,"column":51}},"74":{"start":{"line":104,"column":8},"end":{"line":104,"column":55}},"75":{"start":{"line":105,"column":8},"end":{"line":105,"column":35}},"76":{"start":{"line":108,"column":23},"end":{"line":108,"column":57}},"77":{"start":{"line":109,"column":4},"end":{"line":109,"column":40}},"78":{"start":{"line":112,"column":0},"end":{"line":118,"column":3}},"79":{"start":{"line":113,"column":4},"end":{"line":117,"column":7}},"80":{"start":{"line":120,"column":0},"end":{"line":122,"column":3}},"81":{"start":{"line":121,"column":4},"end":{"line":121,"column":35}},"82":{"start":{"line":124,"column":0},"end":{"line":131,"column":3}},"83":{"start":{"line":125,"column":4},"end":{"line":130,"column":5}},"84":{"start":{"line":126,"column":8},"end":{"line":126,"column":37}},"85":{"start":{"line":127,"column":8},"end":{"line":127,"column":90}},"86":{"start":{"line":129,"column":8},"end":{"line":129,"column":108}},"87":{"start":{"line":133,"column":0},"end":{"line":138,"column":3}},"88":{"start":{"line":134,"column":4},"end":{"line":137,"column":7}},"89":{"start":{"line":140,"column":0},"end":{"line":147,"column":3}},"90":{"start":{"line":141,"column":4},"end":{"line":141,"column":29}},"91":{"start":{"line":142,"column":4},"end":{"line":146,"column":7}},"92":{"start":{"line":149,"column":0},"end":{"line":149,"column":19}}},"fnMap":{"0":{"name":"(anonymous_1)","decl":{"start":{"line":63,"column":24},"end":{"line":63,"column":29}},"loc":{"start":{"line":63,"column":62},"end":{"line":110,"column":1}}},"1":{"name":"(anonymous_2)","decl":{"start":{"line":112,"column":13},"end":{"line":112,"column":14}},"loc":{"start":{"line":112,"column":45},"end":{"line":118,"column":1}}},"2":{"name":"(anonymous_3)","decl":{"start":{"line":120,"column":19},"end":{"line":120,"column":24}},"loc":{"start":{"line":120,"column":57},"end":{"line":122,"column":1}}},"3":{"name":"(anonymous_4)","decl":{"start":{"line":124,"column":22},"end":{"line":124,"column":27}},"loc":{"start":{"line":124,"column":60},"end":{"line":131,"column":1}}},"4":{"name":"(anonymous_5)","decl":{"start":{"line":133,"column":8},"end":{"line":133,"column":9}},"loc":{"start":{"line":133,"column":40},"end":{"line":138,"column":1}}},"5":{"name":"(anonymous_6)","decl":{"start":{"line":140,"column":8},"end":{"line":140,"column":9}},"loc":{"start":{"line":140,"column":72},"end":{"line":147,"column":1}}}},"branchMap":{"0":{"loc":{"start":{"line":86,"column":28},"end":{"line":86,"column":65}},"type":"binary-expr","locations":[{"start":{"line":86,"column":28},"end":{"line":86,"column":50}},{"start":{"line":86,"column":54},"end":{"line":86,"column":65}}]},"1":{"loc":{"start":{"line":86,"column":69},"end":{"line":86,"column":99}},"type":"binary-expr","locations":[{"start":{"line":86,"column":69},"end":{"line":86,"column":91}},{"start":{"line":86,"column":95},"end":{"line":86,"column":99}}]},"2":{"loc":{"start":{"line":99,"column":22},"end":{"line":99,"column":75}},"type":"binary-expr","locations":[{"start":{"line":99,"column":22},"end":{"line":99,"column":48}},{"start":{"line":99,"column":52},"end":{"line":99,"column":75}}]},"3":{"loc":{"start":{"line":101,"column":44},"end":{"line":101,"column":95}},"type":"cond-expr","locations":[{"start":{"line":101,"column":78},"end":{"line":101,"column":82}},{"start":{"line":101,"column":85},"end":{"line":101,"column":95}}]},"4":{"loc":{"start":{"line":108,"column":23},"end":{"line":108,"column":57}},"type":"cond-expr","locations":[{"start":{"line":108,"column":48},"end":{"line":108,"column":51}},{"start":{"line":108,"column":54},"end":{"line":108,"column":57}}]},"5":{"loc":{"start":{"line":145,"column":15},"end":{"line":145,"column":79}},"type":"cond-expr","locations":[{"start":{"line":145,"column":56},"end":{"line":145,"column":67}},{"start":{"line":145,"column":70},"end":{"line":145,"column":79}}]}},"s":{"0":3,"1":3,"2":3,"3":3,"4":3,"5":3,"6":3,"7":3,"8":3,"9":3,"10":3,"11":3,"12":3,"13":3,"14":3,"15":3,"16":3,"17":3,"18":3,"19":3,"20":3,"21":3,"22":3,"23":3,"24":3,"25":3,"26":3,"27":3,"28":3,"29":3,"30":3,"31":3,"32":3,"33":3,"34":3,"35":3,"36":3,"37":3,"38":3,"39":3,"40":3,"41":3,"42":3,"43":3,"44":3,"45":3,"46":3,"47":3,"48":3,"49":3,"50":3,"51":3,"52":0,"53":0,"54":0,"55":0,"56":0,"57":0,"58":0,"59":0,"60":0,"61":0,"62":0,"63":0,"64":0,"65":0,"66":0,"67":0,"68":0,"69":0,"70":0,"71":0,"72":0,"73":0,"74":0,"75":0,"76":0,"77":0,"78":3,"79":1,"80":3,"81":0,"82":3,"83":0,"84":0,"85":0,"86":0,"87":3,"88":1,"89":3,"90":0,"91":0,"92":3},"f":{"0":0,"1":1,"2":0,"3":0,"4":1,"5":0},"b":{"0":[0,0],"1":[0,0],"2":[0,0],"3":[0,0],"4":[0,0],"5":[0,0]}}
,"/home/wakanda_forever/Desktop/AISHA/backend/src/server.ts": {"path":"/home/wakanda_forever/Desktop/AISHA/backend/src/server.ts","statementMap":{"0":{"start":{"line":2,"column":0},"end":{"line":2,"column":24}},"1":{"start":{"line":3,"column":0},"end":{"line":3,"column":28}},"2":{"start":{"line":4,"column":0},"end":{"line":4,"column":24}},"3":{"start":{"line":5,"column":0},"end":{"line":5,"column":35}},"4":{"start":{"line":7,"column":0},"end":{"line":7,"column":24}},"5":{"start":{"line":8,"column":0},"end":{"line":8,"column":65}},"6":{"start":{"line":10,"column":0},"end":{"line":10,"column":63}},"7":{"start":{"line":12,"column":13},"end":{"line":12,"column":37}},"8":{"start":{"line":15,"column":15},"end":{"line":15,"column":37}},"9":{"start":{"line":18,"column":11},"end":{"line":23,"column":2}},"10":{"start":{"line":61,"column":9},"end":{"line":61,"column":11}},"11":{"start":{"line":25,"column":0},"end":{"line":41,"column":3}},"12":{"start":{"line":26,"column":4},"end":{"line":26,"column":48}},"13":{"start":{"line":28,"column":4},"end":{"line":31,"column":7}},"14":{"start":{"line":29,"column":8},"end":{"line":29,"column":38}},"15":{"start":{"line":30,"column":8},"end":{"line":30,"column":65}},"16":{"start":{"line":33,"column":4},"end":{"line":36,"column":7}},"17":{"start":{"line":34,"column":8},"end":{"line":34,"column":38}},"18":{"start":{"line":35,"column":8},"end":{"line":35,"column":61}},"19":{"start":{"line":38,"column":4},"end":{"line":40,"column":7}},"20":{"start":{"line":39,"column":8},"end":{"line":39,"column":55}},"21":{"start":{"line":44,"column":0},"end":{"line":59,"column":1}},"22":{"start":{"line":45,"column":4},"end":{"line":58,"column":7}},"23":{"start":{"line":46,"column":8},"end":{"line":50,"column":5}},"24":{"start":{"line":53,"column":8},"end":{"line":53,"column":55}},"25":{"start":{"line":54,"column":8},"end":{"line":54,"column":44}},"26":{"start":{"line":55,"column":8},"end":{"line":57,"column":27}},"27":{"start":{"line":56,"column":12},"end":{"line":56,"column":48}}},"fnMap":{"0":{"name":"(anonymous_1)","decl":{"start":{"line":25,"column":20},"end":{"line":25,"column":21}},"loc":{"start":{"line":25,"column":31},"end":{"line":41,"column":1}}},"1":{"name":"(anonymous_2)","decl":{"start":{"line":28,"column":27},"end":{"line":28,"column":28}},"loc":{"start":{"line":28,"column":46},"end":{"line":31,"column":5}}},"2":{"name":"(anonymous_3)","decl":{"start":{"line":33,"column":34},"end":{"line":33,"column":35}},"loc":{"start":{"line":33,"column":53},"end":{"line":36,"column":5}}},"3":{"name":"(anonymous_4)","decl":{"start":{"line":38,"column":28},"end":{"line":38,"column":31}},"loc":{"start":{"line":38,"column":33},"end":{"line":40,"column":5}}},"4":{"name":"(anonymous_5)","decl":{"start":{"line":45,"column":24},"end":{"line":45,"column":27}},"loc":{"start":{"line":45,"column":29},"end":{"line":58,"column":5}}},"5":{"name":"(anonymous_6)","decl":{"start":{"line":55,"column":20},"end":{"line":55,"column":23}},"loc":{"start":{"line":55,"column":25},"end":{"line":57,"column":9}}}},"branchMap":{"0":{"loc":{"start":{"line":12,"column":13},"end":{"line":12,"column":37}},"type":"binary-expr","locations":[{"start":{"line":12,"column":13},"end":{"line":12,"column":29}},{"start":{"line":12,"column":33},"end":{"line":12,"column":37}}]},"1":{"loc":{"start":{"line":44,"column":0},"end":{"line":59,"column":1}},"type":"if","locations":[{"start":{"line":44,"column":0},"end":{"line":59,"column":1}},{"start":{},"end":{}}]}},"s":{"0":3,"1":3,"2":3,"3":3,"4":3,"5":3,"6":3,"7":3,"8":3,"9":3,"10":3,"11":3,"12":0,"13":0,"14":0,"15":0,"16":0,"17":0,"18":0,"19":0,"20":0,"21":3,"22":0,"23":0,"24":0,"25":0,"26":0,"27":0},"f":{"0":0,"1":0,"2":0,"3":0,"4":0,"5":0},"b":{"0":[3,0],"1":[0,3]}}
,"/home/wakanda_forever/Desktop/AISHA/backend/src/config/database.ts": {"path":"/home/wakanda_forever/Desktop/AISHA/backend/src/config/database.ts","statementMap":{"0":{"start":{"line":1,"column":0},"end":{"line":1,"column":26}},"1":{"start":{"line":2,"column":0},"end":{"line":2,"column":28}},"2":{"start":{"line":4,"column":0},"end":{"line":4,"column":16}},"3":{"start":{"line":6,"column":13},"end":{"line":12,"column":2}},"4":{"start":{"line":14,"column":0},"end":{"line":17,"column":3}},"5":{"start":{"line":15,"column":4},"end":{"line":15,"column":58}},"6":{"start":{"line":16,"column":4},"end":{"line":16,"column":21}},"7":{"start":{"line":19,"column":21},"end":{"line":19,"column":79}},"8":{"start":{"line":19,"column":55},"end":{"line":19,"column":79}},"9":{"start":{"line":19,"column":13},"end":{"line":19,"column":21}},"10":{"start":{"line":20,"column":25},"end":{"line":20,"column":45}},"11":{"start":{"line":20,"column":31},"end":{"line":20,"column":45}},"12":{"start":{"line":20,"column":13},"end":{"line":20,"column":25}},"13":{"start":{"line":22,"column":0},"end":{"line":22,"column":20}}},"fnMap":{"0":{"name":"(anonymous_1)","decl":{"start":{"line":14,"column":17},"end":{"line":14,"column":18}},"loc":{"start":{"line":14,"column":25},"end":{"line":17,"column":1}}},"1":{"name":"(anonymous_2)","decl":{"start":{"line":19,"column":21},"end":{"line":19,"column":22}},"loc":{"start":{"line":19,"column":55},"end":{"line":19,"column":79}}},"2":{"name":"(anonymous_3)","decl":{"start":{"line":20,"column":25},"end":{"line":20,"column":28}},"loc":{"start":{"line":20,"column":31},"end":{"line":20,"column":45}}}},"branchMap":{"0":{"loc":{"start":{"line":7,"column":10},"end":{"line":7,"column":44}},"type":"binary-expr","locations":[{"start":{"line":7,"column":10},"end":{"line":7,"column":29}},{"start":{"line":7,"column":33},"end":{"line":7,"column":44}}]},"1":{"loc":{"start":{"line":8,"column":10},"end":{"line":8,"column":44}},"type":"binary-expr","locations":[{"start":{"line":8,"column":10},"end":{"line":8,"column":29}},{"start":{"line":8,"column":33},"end":{"line":8,"column":44}}]},"2":{"loc":{"start":{"line":9,"column":14},"end":{"line":9,"column":46}},"type":"binary-expr","locations":[{"start":{"line":9,"column":14},"end":{"line":9,"column":33}},{"start":{"line":9,"column":37},"end":{"line":9,"column":46}}]},"3":{"loc":{"start":{"line":10,"column":14},"end":{"line":10,"column":56}},"type":"binary-expr","locations":[{"start":{"line":10,"column":14},"end":{"line":10,"column":37}},{"start":{"line":10,"column":41},"end":{"line":10,"column":56}}]},"4":{"loc":{"start":{"line":11,"column":19},"end":{"line":11,"column":48}},"type":"binary-expr","locations":[{"start":{"line":11,"column":19},"end":{"line":11,"column":38}},{"start":{"line":11,"column":42},"end":{"line":11,"column":48}}]}},"s":{"0":6,"1":6,"2":6,"3":6,"4":6,"5":0,"6":0,"7":6,"8":0,"9":6,"10":6,"11":0,"12":6,"13":6},"f":{"0":0,"1":0,"2":0},"b":{"0":[6,0],"1":[6,0],"2":[6,0],"3":[6,0],"4":[6,0]}}
,"/home/wakanda_forever/Desktop/AISHA/backend/src/controllers/AIController.ts": {"path":"/home/wakanda_forever/Desktop/AISHA/backend/src/controllers/AIController.ts","statementMap":{"0":{"start":{"line":2,"column":0},"end":{"line":2,"column":38}},"1":{"start":{"line":3,"column":0},"end":{"line":3,"column":50}},"2":{"start":{"line":10,"column":37},"end":{"line":10,"column":45}},"3":{"start":{"line":11,"column":24},"end":{"line":11,"column":44}},"4":{"start":{"line":13,"column":8},"end":{"line":15,"column":9}},"5":{"start":{"line":14,"column":12},"end":{"line":14,"column":93}},"6":{"start":{"line":17,"column":8},"end":{"line":42,"column":9}},"7":{"start":{"line":19,"column":12},"end":{"line":22,"column":14}},"8":{"start":{"line":25,"column":31},"end":{"line":25,"column":83}},"9":{"start":{"line":28,"column":12},"end":{"line":33,"column":13}},"10":{"start":{"line":29,"column":16},"end":{"line":32,"column":18}},"11":{"start":{"line":35,"column":12},"end":{"line":38,"column":15}},"12":{"start":{"line":40,"column":12},"end":{"line":40,"column":62}},"13":{"start":{"line":41,"column":12},"end":{"line":41,"column":78}},"14":{"start":{"line":49,"column":24},"end":{"line":49,"column":44}},"15":{"start":{"line":51,"column":8},"end":{"line":64,"column":9}},"16":{"start":{"line":52,"column":27},"end":{"line":54,"column":null}},"17":{"start":{"line":57,"column":12},"end":{"line":60,"column":15}},"18":{"start":{"line":62,"column":12},"end":{"line":62,"column":65}},"19":{"start":{"line":63,"column":12},"end":{"line":63,"column":78}},"20":{"start":{"line":71,"column":24},"end":{"line":71,"column":44}},"21":{"start":{"line":73,"column":8},"end":{"line":79,"column":9}},"22":{"start":{"line":74,"column":12},"end":{"line":74,"column":90}},"23":{"start":{"line":75,"column":12},"end":{"line":75,"column":77}},"24":{"start":{"line":77,"column":12},"end":{"line":77,"column":60}},"25":{"start":{"line":78,"column":12},"end":{"line":78,"column":78}},"26":{"start":{"line":5,"column":0},"end":{"line":5,"column":13}}},"fnMap":{"0":{"name":"(anonymous_1)","decl":{"start":{"line":9,"column":4},"end":{"line":9,"column":10}},"loc":{"start":{"line":9,"column":49},"end":{"line":43,"column":5}}},"1":{"name":"(anonymous_2)","decl":{"start":{"line":48,"column":4},"end":{"line":48,"column":10}},"loc":{"start":{"line":48,"column":55},"end":{"line":65,"column":5}}},"2":{"name":"(anonymous_3)","decl":{"start":{"line":70,"column":4},"end":{"line":70,"column":10}},"loc":{"start":{"line":70,"column":57},"end":{"line":80,"column":5}}}},"branchMap":{"0":{"loc":{"start":{"line":13,"column":8},"end":{"line":15,"column":9}},"type":"if","locations":[{"start":{"line":13,"column":8},"end":{"line":15,"column":9}},{"start":{},"end":{}}]},"1":{"loc":{"start":{"line":25,"column":69},"end":{"line":25,"column":82}},"type":"binary-expr","locations":[{"start":{"line":25,"column":69},"end":{"line":25,"column":76}},{"start":{"line":25,"column":80},"end":{"line":25,"column":82}}]},"2":{"loc":{"start":{"line":28,"column":12},"end":{"line":33,"column":13}},"type":"if","locations":[{"start":{"line":28,"column":12},"end":{"line":33,"column":13}},{"start":{},"end":{}}]},"3":{"loc":{"start":{"line":28,"column":16},"end":{"line":28,"column":48}},"type":"binary-expr","locations":[{"start":{"line":28,"column":16},"end":{"line":28,"column":26}},{"start":{"line":28,"column":30},"end":{"line":28,"column":48}}]}},"s":{"0":3,"1":3,"2":0,"3":0,"4":0,"5":0,"6":0,"7":0,"8":0,"9":0,"10":0,"11":0,"12":0,"13":0,"14":0,"15":0,"16":0,"17":0,"18":0,"19":0,"20":0,"21":0,"22":0,"23":0,"24":0,"25":0,"26":3},"f":{"0":0,"1":0,"2":0},"b":{"0":[0,0],"1":[0,0],"2":[0,0],"3":[0,0]}}
,"/home/wakanda_forever/Desktop/AISHA/backend/src/controllers/AdminController.ts": {"path":"/home/wakanda_forever/Desktop/AISHA/backend/src/controllers/AdminController.ts","statementMap":{"0":{"start":{"line":2,"column":0},"end":{"line":2,"column":26}},"1":{"start":{"line":3,"column":0},"end":{"line":3,"column":38}},"2":{"start":{"line":4,"column":0},"end":{"line":4,"column":50}},"3":{"start":{"line":8,"column":8},"end":{"line":8,"column":23}},"4":{"start":{"line":15,"column":4},"end":{"line":30,"column":6}},"5":{"start":{"line":16,"column":8},"end":{"line":29,"column":9}},"6":{"start":{"line":17,"column":27},"end":{"line":21,"column":null}},"7":{"start":{"line":23,"column":12},"end":{"line":26,"column":15}},"8":{"start":{"line":28,"column":12},"end":{"line":28,"column":24}},"9":{"start":{"line":36,"column":4},"end":{"line":56,"column":6}},"10":{"start":{"line":37,"column":8},"end":{"line":55,"column":9}},"11":{"start":{"line":38,"column":31},"end":{"line":38,"column":41}},"12":{"start":{"line":39,"column":27},"end":{"line":41,"column":null}},"13":{"start":{"line":44,"column":12},"end":{"line":46,"column":13}},"14":{"start":{"line":45,"column":16},"end":{"line":45,"column":75}},"15":{"start":{"line":48,"column":12},"end":{"line":52,"column":15}},"16":{"start":{"line":54,"column":12},"end":{"line":54,"column":24}},"17":{"start":{"line":62,"column":4},"end":{"line":78,"column":6}},"18":{"start":{"line":63,"column":8},"end":{"line":77,"column":9}},"19":{"start":{"line":64,"column":53},"end":{"line":64,"column":61}},"20":{"start":{"line":65,"column":27},"end":{"line":69,"column":null}},"21":{"start":{"line":71,"column":12},"end":{"line":74,"column":15}},"22":{"start":{"line":76,"column":12},"end":{"line":76,"column":24}},"23":{"start":{"line":84,"column":4},"end":{"line":96,"column":6}},"24":{"start":{"line":85,"column":8},"end":{"line":95,"column":9}},"25":{"start":{"line":86,"column":27},"end":{"line":87,"column":null}},"26":{"start":{"line":89,"column":12},"end":{"line":92,"column":15}},"27":{"start":{"line":94,"column":12},"end":{"line":94,"column":24}},"28":{"start":{"line":102,"column":4},"end":{"line":117,"column":6}},"29":{"start":{"line":103,"column":8},"end":{"line":116,"column":9}},"30":{"start":{"line":104,"column":27},"end":{"line":104,"column":37}},"31":{"start":{"line":105,"column":34},"end":{"line":105,"column":42}},"32":{"start":{"line":106,"column":27},"end":{"line":108,"column":null}},"33":{"start":{"line":110,"column":12},"end":{"line":113,"column":15}},"34":{"start":{"line":115,"column":12},"end":{"line":115,"column":24}},"35":{"start":{"line":123,"column":4},"end":{"line":140,"column":6}},"36":{"start":{"line":124,"column":8},"end":{"line":139,"column":9}},"37":{"start":{"line":125,"column":31},"end":{"line":125,"column":40}},"38":{"start":{"line":126,"column":27},"end":{"line":131,"column":null}},"39":{"start":{"line":133,"column":12},"end":{"line":136,"column":15}},"40":{"start":{"line":138,"column":12},"end":{"line":138,"column":24}},"41":{"start":{"line":146,"column":4},"end":{"line":156,"column":6}},"42":{"start":{"line":147,"column":8},"end":{"line":155,"column":9}},"43":{"start":{"line":148,"column":27},"end":{"line":148,"column":93}},"44":{"start":{"line":149,"column":12},"end":{"line":152,"column":15}},"45":{"start":{"line":154,"column":12},"end":{"line":154,"column":24}},"46":{"start":{"line":162,"column":4},"end":{"line":176,"column":6}},"47":{"start":{"line":163,"column":8},"end":{"line":175,"column":9}},"48":{"start":{"line":164,"column":35},"end":{"line":164,"column":43}},"49":{"start":{"line":165,"column":27},"end":{"line":167,"column":null}},"50":{"start":{"line":169,"column":12},"end":{"line":172,"column":15}},"51":{"start":{"line":174,"column":12},"end":{"line":174,"column":24}},"52":{"start":{"line":182,"column":4},"end":{"line":196,"column":6}},"53":{"start":{"line":183,"column":8},"end":{"line":195,"column":9}},"54":{"start":{"line":184,"column":27},"end":{"line":184,"column":85}},"55":{"start":{"line":185,"column":29},"end":{"line":188,"column":18}},"56":{"start":{"line":186,"column":16},"end":{"line":186,"column":43}},"57":{"start":{"line":187,"column":16},"end":{"line":187,"column":27}},"58":{"start":{"line":189,"column":12},"end":{"line":192,"column":15}},"59":{"start":{"line":194,"column":12},"end":{"line":194,"column":24}},"60":{"start":{"line":202,"column":4},"end":{"line":231,"column":6}},"61":{"start":{"line":203,"column":8},"end":{"line":230,"column":9}},"62":{"start":{"line":204,"column":32},"end":{"line":204,"column":40}},"63":{"start":{"line":205,"column":33},"end":{"line":205,"column":86}},"64":{"start":{"line":208,"column":29},"end":{"line":210,"column":14}},"65":{"start":{"line":212,"column":12},"end":{"line":215,"column":15}},"66":{"start":{"line":218,"column":32},"end":{"line":218,"column":40}},"67":{"start":{"line":219,"column":24},"end":{"line":219,"column":52}},"68":{"start":{"line":220,"column":12},"end":{"line":228,"column":13}},"69":{"start":{"line":221,"column":16},"end":{"line":227,"column":19}},"70":{"start":{"line":229,"column":12},"end":{"line":229,"column":24}},"71":{"start":{"line":6,"column":0},"end":{"line":6,"column":13}}},"fnMap":{"0":{"name":"(anonymous_1)","decl":{"start":{"line":7,"column":4},"end":{"line":7,"column":null}},"loc":{"start":{"line":7,"column":4},"end":{"line":9,"column":5}}},"1":{"name":"(anonymous_2)","decl":{"start":{"line":15,"column":25},"end":{"line":15,"column":30}},"loc":{"start":{"line":15,"column":83},"end":{"line":30,"column":5}}},"2":{"name":"(anonymous_3)","decl":{"start":{"line":36,"column":17},"end":{"line":36,"column":22}},"loc":{"start":{"line":36,"column":75},"end":{"line":56,"column":5}}},"3":{"name":"(anonymous_4)","decl":{"start":{"line":62,"column":22},"end":{"line":62,"column":27}},"loc":{"start":{"line":62,"column":80},"end":{"line":78,"column":5}}},"4":{"name":"(anonymous_5)","decl":{"start":{"line":84,"column":20},"end":{"line":84,"column":25}},"loc":{"start":{"line":84,"column":78},"end":{"line":96,"column":5}}},"5":{"name":"(anonymous_6)","decl":{"start":{"line":102,"column":22},"end":{"line":102,"column":27}},"loc":{"start":{"line":102,"column":80},"end":{"line":117,"column":5}}},"6":{"name":"(anonymous_7)","decl":{"start":{"line":123,"column":26},"end":{"line":123,"column":31}},"loc":{"start":{"line":123,"column":84},"end":{"line":140,"column":5}}},"7":{"name":"(anonymous_8)","decl":{"start":{"line":146,"column":18},"end":{"line":146,"column":23}},"loc":{"start":{"line":146,"column":76},"end":{"line":156,"column":5}}},"8":{"name":"(anonymous_9)","decl":{"start":{"line":162,"column":20},"end":{"line":162,"column":25}},"loc":{"start":{"line":162,"column":78},"end":{"line":176,"column":5}}},"9":{"name":"(anonymous_10)","decl":{"start":{"line":182,"column":24},"end":{"line":182,"column":29}},"loc":{"start":{"line":182,"column":82},"end":{"line":196,"column":5}}},"10":{"name":"(anonymous_11)","decl":{"start":{"line":185,"column":48},"end":{"line":185,"column":49}},"loc":{"start":{"line":185,"column":67},"end":{"line":188,"column":13}}},"11":{"name":"(anonymous_12)","decl":{"start":{"line":202,"column":21},"end":{"line":202,"column":26}},"loc":{"start":{"line":202,"column":79},"end":{"line":231,"column":5}}}},"branchMap":{"0":{"loc":{"start":{"line":44,"column":12},"end":{"line":46,"column":13}},"type":"if","locations":[{"start":{"line":44,"column":12},"end":{"line":46,"column":13}},{"start":{},"end":{}}]},"1":{"loc":{"start":{"line":69,"column":23},"end":{"line":69,"column":45}},"type":"binary-expr","locations":[{"start":{"line":69,"column":23},"end":{"line":69,"column":36}},{"start":{"line":69,"column":40},"end":{"line":69,"column":45}}]},"2":{"loc":{"start":{"line":131,"column":17},"end":{"line":131,"column":32}},"type":"binary-expr","locations":[{"start":{"line":131,"column":17},"end":{"line":131,"column":23}},{"start":{"line":131,"column":27},"end":{"line":131,"column":32}}]},"3":{"loc":{"start":{"line":205,"column":33},"end":{"line":205,"column":86}},"type":"binary-expr","locations":[{"start":{"line":205,"column":33},"end":{"line":205,"column":59}},{"start":{"line":205,"column":63},"end":{"line":205,"column":86}}]},"4":{"loc":{"start":{"line":220,"column":12},"end":{"line":228,"column":13}},"type":"if","locations":[{"start":{"line":220,"column":12},"end":{"line":228,"column":13}},{"start":{},"end":{}}]}},"s":{"0":3,"1":3,"2":3,"3":6,"4":6,"5":0,"6":0,"7":0,"8":0,"9":6,"10":0,"11":0,"12":0,"13":0,"14":0,"15":0,"16":0,"17":6,"18":0,"19":0,"20":0,"21":0,"22":0,"23":6,"24":0,"25":0,"26":0,"27":0,"28":6,"29":0,"30":0,"31":0,"32":0,"33":0,"34":0,"35":6,"36":0,"37":0,"38":0,"39":0,"40":0,"41":6,"42":0,"43":0,"44":0,"45":0,"46":6,"47":0,"48":0,"49":0,"50":0,"51":0,"52":6,"53":0,"54":0,"55":0,"56":0,"57":0,"58":0,"59":0,"60":6,"61":0,"62":0,"63":0,"64":0,"65":0,"66":0,"67":0,"68":0,"69":0,"70":0,"71":3},"f":{"0":6,"1":0,"2":0,"3":0,"4":0,"5":0,"6":0,"7":0,"8":0,"9":0,"10":0,"11":0},"b":{"0":[0,0],"1":[0,0],"2":[0,0],"3":[0,0],"4":[0,0]}}
,"/home/wakanda_forever/Desktop/AISHA/backend/src/controllers/ApplicationController.ts": {"path":"/home/wakanda_forever/Desktop/AISHA/backend/src/controllers/ApplicationController.ts","statementMap":{"0":{"start":{"line":2,"column":0},"end":{"line":2,"column":38}},"1":{"start":{"line":3,"column":0},"end":{"line":3,"column":50}},"2":{"start":{"line":4,"column":0},"end":{"line":4,"column":70}},"3":{"start":{"line":5,"column":0},"end":{"line":5,"column":62}},"4":{"start":{"line":9,"column":8},"end":{"line":9,"column":30}},"5":{"start":{"line":13,"column":4},"end":{"line":62,"column":6}},"6":{"start":{"line":14,"column":8},"end":{"line":61,"column":9}},"7":{"start":{"line":15,"column":28},"end":{"line":15,"column":48}},"8":{"start":{"line":16,"column":39},"end":{"line":16,"column":47}},"9":{"start":{"line":19,"column":31},"end":{"line":19,"column":103}},"10":{"start":{"line":20,"column":12},"end":{"line":20,"column":116}},"11":{"start":{"line":20,"column":46},"end":{"line":20,"column":116}},"12":{"start":{"line":21,"column":30},"end":{"line":21,"column":51}},"13":{"start":{"line":24,"column":29},"end":{"line":26,"column":null}},"14":{"start":{"line":29,"column":12},"end":{"line":31,"column":13}},"15":{"start":{"line":30,"column":16},"end":{"line":30,"column":122}},"16":{"start":{"line":35,"column":26},"end":{"line":39,"column":14}},"17":{"start":{"line":40,"column":27},"end":{"line":40,"column":79}},"18":{"start":{"line":43,"column":42},"end":{"line":43,"column":82}},"19":{"start":{"line":44,"column":12},"end":{"line":44,"column":72}},"20":{"start":{"line":47,"column":32},"end":{"line":47,"column":163}},"21":{"start":{"line":48,"column":12},"end":{"line":51,"column":13}},"22":{"start":{"line":49,"column":36},"end":{"line":49,"column":135}},"23":{"start":{"line":50,"column":16},"end":{"line":50,"column":146}},"24":{"start":{"line":53,"column":12},"end":{"line":57,"column":15}},"25":{"start":{"line":60,"column":12},"end":{"line":60,"column":24}},"26":{"start":{"line":65,"column":4},"end":{"line":93,"column":6}},"27":{"start":{"line":66,"column":8},"end":{"line":92,"column":9}},"28":{"start":{"line":67,"column":28},"end":{"line":67,"column":48}},"29":{"start":{"line":70,"column":31},"end":{"line":70,"column":103}},"30":{"start":{"line":71,"column":12},"end":{"line":71,"column":116}},"31":{"start":{"line":71,"column":46},"end":{"line":71,"column":116}},"32":{"start":{"line":72,"column":30},"end":{"line":72,"column":51}},"33":{"start":{"line":74,"column":26},"end":{"line":81,"column":14}},"34":{"start":{"line":82,"column":27},"end":{"line":82,"column":63}},"35":{"start":{"line":84,"column":12},"end":{"line":88,"column":15}},"36":{"start":{"line":91,"column":12},"end":{"line":91,"column":24}},"37":{"start":{"line":96,"column":4},"end":{"line":145,"column":6}},"38":{"start":{"line":97,"column":8},"end":{"line":144,"column":9}},"39":{"start":{"line":98,"column":28},"end":{"line":98,"column":48}},"40":{"start":{"line":99,"column":38},"end":{"line":99,"column":48}},"41":{"start":{"line":103,"column":31},"end":{"line":103,"column":104}},"42":{"start":{"line":104,"column":12},"end":{"line":104,"column":108}},"43":{"start":{"line":104,"column":46},"end":{"line":104,"column":108}},"44":{"start":{"line":105,"column":30},"end":{"line":105,"column":51}},"45":{"start":{"line":108,"column":29},"end":{"line":108,"column":159}},"46":{"start":{"line":109,"column":12},"end":{"line":109,"column":128}},"47":{"start":{"line":109,"column":44},"end":{"line":109,"column":128}},"48":{"start":{"line":111,"column":33},"end":{"line":111,"column":74}},"49":{"start":{"line":114,"column":26},"end":{"line":120,"column":14}},"50":{"start":{"line":121,"column":27},"end":{"line":121,"column":67}},"51":{"start":{"line":123,"column":29},"end":{"line":123,"column":40}},"52":{"start":{"line":126,"column":12},"end":{"line":132,"column":13}},"53":{"start":{"line":127,"column":38},"end":{"line":127,"column":76}},"54":{"start":{"line":128,"column":16},"end":{"line":131,"column":19}},"55":{"start":{"line":129,"column":39},"end":{"line":129,"column":69}},"56":{"start":{"line":130,"column":20},"end":{"line":130,"column":55}},"57":{"start":{"line":136,"column":12},"end":{"line":140,"column":15}},"58":{"start":{"line":143,"column":12},"end":{"line":143,"column":24}},"59":{"start":{"line":148,"column":4},"end":{"line":228,"column":6}},"60":{"start":{"line":149,"column":8},"end":{"line":227,"column":9}},"61":{"start":{"line":150,"column":27},"end":{"line":150,"column":37}},"62":{"start":{"line":151,"column":31},"end":{"line":151,"column":39}},"63":{"start":{"line":153,"column":12},"end":{"line":155,"column":13}},"64":{"start":{"line":154,"column":16},"end":{"line":154,"column":75}},"65":{"start":{"line":158,"column":35},"end":{"line":164,"column":14}},"66":{"start":{"line":165,"column":29},"end":{"line":165,"column":89}},"67":{"start":{"line":166,"column":12},"end":{"line":166,"column":137}},"68":{"start":{"line":166,"column":44},"end":{"line":166,"column":137}},"69":{"start":{"line":168,"column":24},"end":{"line":173,"column":14}},"70":{"start":{"line":175,"column":12},"end":{"line":182,"column":13}},"71":{"start":{"line":176,"column":16},"end":{"line":181,"column":18}},"72":{"start":{"line":184,"column":27},"end":{"line":184,"column":64}},"73":{"start":{"line":186,"column":12},"end":{"line":186,"column":108}},"74":{"start":{"line":186,"column":42},"end":{"line":186,"column":108}},"75":{"start":{"line":188,"column":32},"end":{"line":188,"column":46}},"76":{"start":{"line":189,"column":28},"end":{"line":189,"column":44}},"77":{"start":{"line":192,"column":27},"end":{"line":192,"column":49}},"78":{"start":{"line":193,"column":32},"end":{"line":193,"column":76}},"79":{"start":{"line":196,"column":12},"end":{"line":202,"column":15}},"80":{"start":{"line":205,"column":32},"end":{"line":205,"column":108}},"81":{"start":{"line":206,"column":12},"end":{"line":213,"column":13}},"82":{"start":{"line":207,"column":16},"end":{"line":212,"column":18}},"83":{"start":{"line":216,"column":32},"end":{"line":216,"column":149}},"84":{"start":{"line":217,"column":12},"end":{"line":219,"column":13}},"85":{"start":{"line":218,"column":16},"end":{"line":218,"column":152}},"86":{"start":{"line":221,"column":12},"end":{"line":224,"column":15}},"87":{"start":{"line":226,"column":12},"end":{"line":226,"column":24}},"88":{"start":{"line":230,"column":4},"end":{"line":353,"column":6}},"89":{"start":{"line":231,"column":8},"end":{"line":352,"column":9}},"90":{"start":{"line":232,"column":28},"end":{"line":232,"column":47}},"91":{"start":{"line":233,"column":27},"end":{"line":233,"column":37}},"92":{"start":{"line":234,"column":43},"end":{"line":234,"column":51}},"93":{"start":{"line":236,"column":12},"end":{"line":238,"column":13}},"94":{"start":{"line":237,"column":16},"end":{"line":237,"column":121}},"95":{"start":{"line":241,"column":31},"end":{"line":248,"column":14}},"96":{"start":{"line":249,"column":29},"end":{"line":249,"column":71}},"97":{"start":{"line":251,"column":12},"end":{"line":253,"column":13}},"98":{"start":{"line":252,"column":16},"end":{"line":252,"column":109}},"99":{"start":{"line":255,"column":24},"end":{"line":255,"column":40}},"100":{"start":{"line":256,"column":12},"end":{"line":258,"column":13}},"101":{"start":{"line":257,"column":16},"end":{"line":257,"column":134}},"102":{"start":{"line":261,"column":27},"end":{"line":261,"column":47}},"103":{"start":{"line":262,"column":12},"end":{"line":349,"column":13}},"104":{"start":{"line":263,"column":16},"end":{"line":263,"column":44}},"105":{"start":{"line":266,"column":36},"end":{"line":266,"column":119}},"106":{"start":{"line":267,"column":31},"end":{"line":267,"column":78}},"107":{"start":{"line":268,"column":35},"end":{"line":268,"column":49}},"108":{"start":{"line":270,"column":16},"end":{"line":307,"column":17}},"109":{"start":{"line":272,"column":20},"end":{"line":275,"column":22}},"110":{"start":{"line":278,"column":43},"end":{"line":278,"column":67}},"111":{"start":{"line":279,"column":38},"end":{"line":279,"column":48}},"112":{"start":{"line":280,"column":36},"end":{"line":280,"column":46}},"113":{"start":{"line":281,"column":20},"end":{"line":281,"column":76}},"114":{"start":{"line":283,"column":20},"end":{"line":289,"column":101}},"115":{"start":{"line":292,"column":35},"end":{"line":294,"column":null}},"116":{"start":{"line":296,"column":40},"end":{"line":296,"column":54}},"117":{"start":{"line":298,"column":20},"end":{"line":306,"column":21}},"118":{"start":{"line":299,"column":56},"end":{"line":299,"column":98}},"119":{"start":{"line":300,"column":24},"end":{"line":305,"column":26}},"120":{"start":{"line":309,"column":16},"end":{"line":309,"column":45}},"121":{"start":{"line":312,"column":48},"end":{"line":312,"column":90}},"122":{"start":{"line":313,"column":43},"end":{"line":313,"column":80}},"123":{"start":{"line":315,"column":30},"end":{"line":315,"column":92}},"124":{"start":{"line":316,"column":28},"end":{"line":316,"column":145}},"125":{"start":{"line":318,"column":16},"end":{"line":318,"column":143}},"126":{"start":{"line":321,"column":32},"end":{"line":321,"column":118}},"127":{"start":{"line":322,"column":16},"end":{"line":331,"column":17}},"128":{"start":{"line":323,"column":35},"end":{"line":323,"column":65}},"129":{"start":{"line":324,"column":20},"end":{"line":330,"column":23}},"130":{"start":{"line":334,"column":16},"end":{"line":338,"column":17}},"131":{"start":{"line":335,"column":20},"end":{"line":337,"column":23}},"132":{"start":{"line":340,"column":16},"end":{"line":343,"column":19}},"133":{"start":{"line":345,"column":16},"end":{"line":345,"column":47}},"134":{"start":{"line":346,"column":16},"end":{"line":346,"column":28}},"135":{"start":{"line":348,"column":16},"end":{"line":348,"column":33}},"136":{"start":{"line":351,"column":12},"end":{"line":351,"column":24}},"137":{"start":{"line":7,"column":0},"end":{"line":7,"column":13}}},"fnMap":{"0":{"name":"(anonymous_1)","decl":{"start":{"line":8,"column":4},"end":{"line":8,"column":null}},"loc":{"start":{"line":8,"column":4},"end":{"line":10,"column":5}}},"1":{"name":"(anonymous_2)","decl":{"start":{"line":13,"column":12},"end":{"line":13,"column":17}},"loc":{"start":{"line":13,"column":70},"end":{"line":62,"column":5}}},"2":{"name":"(anonymous_3)","decl":{"start":{"line":65,"column":24},"end":{"line":65,"column":29}},"loc":{"start":{"line":65,"column":82},"end":{"line":93,"column":5}}},"3":{"name":"(anonymous_4)","decl":{"start":{"line":96,"column":20},"end":{"line":96,"column":25}},"loc":{"start":{"line":96,"column":78},"end":{"line":145,"column":5}}},"4":{"name":"(anonymous_5)","decl":{"start":{"line":128,"column":47},"end":{"line":128,"column":48}},"loc":{"start":{"line":128,"column":60},"end":{"line":131,"column":17}}},"5":{"name":"(anonymous_6)","decl":{"start":{"line":148,"column":19},"end":{"line":148,"column":24}},"loc":{"start":{"line":148,"column":77},"end":{"line":228,"column":5}}},"6":{"name":"(anonymous_7)","decl":{"start":{"line":230,"column":21},"end":{"line":230,"column":26}},"loc":{"start":{"line":230,"column":79},"end":{"line":353,"column":5}}}},"branchMap":{"0":{"loc":{"start":{"line":20,"column":12},"end":{"line":20,"column":116}},"type":"if","locations":[{"start":{"line":20,"column":12},"end":{"line":20,"column":116}},{"start":{},"end":{}}]},"1":{"loc":{"start":{"line":29,"column":12},"end":{"line":31,"column":13}},"type":"if","locations":[{"start":{"line":29,"column":12},"end":{"line":31,"column":13}},{"start":{},"end":{}}]},"2":{"loc":{"start":{"line":48,"column":12},"end":{"line":51,"column":13}},"type":"if","locations":[{"start":{"line":48,"column":12},"end":{"line":51,"column":13}},{"start":{},"end":{}}]},"3":{"loc":{"start":{"line":71,"column":12},"end":{"line":71,"column":116}},"type":"if","locations":[{"start":{"line":71,"column":12},"end":{"line":71,"column":116}},{"start":{},"end":{}}]},"4":{"loc":{"start":{"line":104,"column":12},"end":{"line":104,"column":108}},"type":"if","locations":[{"start":{"line":104,"column":12},"end":{"line":104,"column":108}},{"start":{},"end":{}}]},"5":{"loc":{"start":{"line":109,"column":12},"end":{"line":109,"column":128}},"type":"if","locations":[{"start":{"line":109,"column":12},"end":{"line":109,"column":128}},{"start":{},"end":{}}]},"6":{"loc":{"start":{"line":111,"column":33},"end":{"line":111,"column":74}},"type":"binary-expr","locations":[{"start":{"line":111,"column":33},"end":{"line":111,"column":68}},{"start":{"line":111,"column":72},"end":{"line":111,"column":74}}]},"7":{"loc":{"start":{"line":126,"column":12},"end":{"line":132,"column":13}},"type":"if","locations":[{"start":{"line":126,"column":12},"end":{"line":132,"column":13}},{"start":{},"end":{}}]},"8":{"loc":{"start":{"line":129,"column":40},"end":{"line":129,"column":63}},"type":"binary-expr","locations":[{"start":{"line":129,"column":40},"end":{"line":129,"column":58}},{"start":{"line":129,"column":62},"end":{"line":129,"column":63}}]},"9":{"loc":{"start":{"line":153,"column":12},"end":{"line":155,"column":13}},"type":"if","locations":[{"start":{"line":153,"column":12},"end":{"line":155,"column":13}},{"start":{},"end":{}}]},"10":{"loc":{"start":{"line":166,"column":12},"end":{"line":166,"column":137}},"type":"if","locations":[{"start":{"line":166,"column":12},"end":{"line":166,"column":137}},{"start":{},"end":{}}]},"11":{"loc":{"start":{"line":175,"column":12},"end":{"line":182,"column":13}},"type":"if","locations":[{"start":{"line":175,"column":12},"end":{"line":182,"column":13}},{"start":{},"end":{}}]},"12":{"loc":{"start":{"line":186,"column":12},"end":{"line":186,"column":108}},"type":"if","locations":[{"start":{"line":186,"column":12},"end":{"line":186,"column":108}},{"start":{},"end":{}}]},"13":{"loc":{"start":{"line":206,"column":12},"end":{"line":213,"column":13}},"type":"if","locations":[{"start":{"line":206,"column":12},"end":{"line":213,"column":13}},{"start":{},"end":{}}]},"14":{"loc":{"start":{"line":211,"column":20},"end":{"line":211,"column":88}},"type":"cond-expr","locations":[{"start":{"line":211,"column":70},"end":{"line":211,"column":79}},{"start":{"line":211,"column":82},"end":{"line":211,"column":88}}]},"15":{"loc":{"start":{"line":211,"column":21},"end":{"line":211,"column":66}},"type":"binary-expr","locations":[{"start":{"line":211,"column":21},"end":{"line":211,"column":42}},{"start":{"line":211,"column":46},"end":{"line":211,"column":66}}]},"16":{"loc":{"start":{"line":217,"column":12},"end":{"line":219,"column":13}},"type":"if","locations":[{"start":{"line":217,"column":12},"end":{"line":219,"column":13}},{"start":{},"end":{}}]},"17":{"loc":{"start":{"line":218,"column":103},"end":{"line":218,"column":150}},"type":"binary-expr","locations":[{"start":{"line":218,"column":103},"end":{"line":218,"column":132}},{"start":{"line":218,"column":136},"end":{"line":218,"column":150}}]},"18":{"loc":{"start":{"line":236,"column":12},"end":{"line":238,"column":13}},"type":"if","locations":[{"start":{"line":236,"column":12},"end":{"line":238,"column":13}},{"start":{},"end":{}}]},"19":{"loc":{"start":{"line":251,"column":12},"end":{"line":253,"column":13}},"type":"if","locations":[{"start":{"line":251,"column":12},"end":{"line":253,"column":13}},{"start":{},"end":{}}]},"20":{"loc":{"start":{"line":256,"column":12},"end":{"line":258,"column":13}},"type":"if","locations":[{"start":{"line":256,"column":12},"end":{"line":258,"column":13}},{"start":{},"end":{}}]},"21":{"loc":{"start":{"line":270,"column":16},"end":{"line":307,"column":17}},"type":"if","locations":[{"start":{"line":270,"column":16},"end":{"line":307,"column":17}},{"start":{},"end":{}}]},"22":{"loc":{"start":{"line":278,"column":43},"end":{"line":278,"column":67}},"type":"binary-expr","locations":[{"start":{"line":278,"column":43},"end":{"line":278,"column":62}},{"start":{"line":278,"column":66},"end":{"line":278,"column":67}}]},"23":{"loc":{"start":{"line":298,"column":20},"end":{"line":306,"column":21}},"type":"if","locations":[{"start":{"line":298,"column":20},"end":{"line":306,"column":21}},{"start":{},"end":{}}]},"24":{"loc":{"start":{"line":298,"column":24},"end":{"line":298,"column":102}},"type":"binary-expr","locations":[{"start":{"line":298,"column":24},"end":{"line":298,"column":60}},{"start":{"line":298,"column":64},"end":{"line":298,"column":102}}]},"25":{"loc":{"start":{"line":315,"column":30},"end":{"line":315,"column":92}},"type":"cond-expr","locations":[{"start":{"line":315,"column":56},"end":{"line":315,"column":73}},{"start":{"line":315,"column":76},"end":{"line":315,"column":92}}]},"26":{"loc":{"start":{"line":316,"column":103},"end":{"line":316,"column":143}},"type":"cond-expr","locations":[{"start":{"line":316,"column":114},"end":{"line":316,"column":138}},{"start":{"line":316,"column":141},"end":{"line":316,"column":143}}]},"27":{"loc":{"start":{"line":318,"column":94},"end":{"line":318,"column":141}},"type":"cond-expr","locations":[{"start":{"line":318,"column":120},"end":{"line":318,"column":129}},{"start":{"line":318,"column":132},"end":{"line":318,"column":141}}]},"28":{"loc":{"start":{"line":322,"column":16},"end":{"line":331,"column":17}},"type":"if","locations":[{"start":{"line":322,"column":16},"end":{"line":331,"column":17}},{"start":{},"end":{}}]},"29":{"loc":{"start":{"line":334,"column":16},"end":{"line":338,"column":17}},"type":"if","locations":[{"start":{"line":334,"column":16},"end":{"line":338,"column":17}},{"start":{},"end":{}}]}},"s":{"0":3,"1":3,"2":3,"3":3,"4":3,"5":3,"6":0,"7":0,"8":0,"9":0,"10":0,"11":0,"12":0,"13":0,"14":0,"15":0,"16":0,"17":0,"18":0,"19":0,"20":0,"21":0,"22":0,"23":0,"24":0,"25":0,"26":3,"27":0,"28":0,"29":0,"30":0,"31":0,"32":0,"33":0,"34":0,"35":0,"36":0,"37":3,"38":0,"39":0,"40":0,"41":0,"42":0,"43":0,"44":0,"45":0,"46":0,"47":0,"48":0,"49":0,"50":0,"51":0,"52":0,"53":0,"54":0,"55":0,"56":0,"57":0,"58":0,"59":3,"60":0,"61":0,"62":0,"63":0,"64":0,"65":0,"66":0,"67":0,"68":0,"69":0,"70":0,"71":0,"72":0,"73":0,"74":0,"75":0,"76":0,"77":0,"78":0,"79":0,"80":0,"81":0,"82":0,"83":0,"84":0,"85":0,"86":0,"87":0,"88":3,"89":0,"90":0,"91":0,"92":0,"93":0,"94":0,"95":0,"96":0,"97":0,"98":0,"99":0,"100":0,"101":0,"102":0,"103":0,"104":0,"105":0,"106":0,"107":0,"108":0,"109":0,"110":0,"111":0,"112":0,"113":0,"114":0,"115":0,"116":0,"117":0,"118":0,"119":0,"120":0,"121":0,"122":0,"123":0,"124":0,"125":0,"126":0,"127":0,"128":0,"129":0,"130":0,"131":0,"132":0,"133":0,"134":0,"135":0,"136":0,"137":3},"f":{"0":3,"1":0,"2":0,"3":0,"4":0,"5":0,"6":0},"b":{"0":[0,0],"1":[0,0],"2":[0,0],"3":[0,0],"4":[0,0],"5":[0,0],"6":[0,0],"7":[0,0],"8":[0,0],"9":[0,0],"10":[0,0],"11":[0,0],"12":[0,0],"13":[0,0],"14":[0,0],"15":[0,0],"16":[0,0],"17":[0,0],"18":[0,0],"19":[0,0],"20":[0,0],"21":[0,0],"22":[0,0],"23":[0,0],"24":[0,0],"25":[0,0],"26":[0,0],"27":[0,0],"28":[0,0],"29":[0,0]}}
,"/home/wakanda_forever/Desktop/AISHA/backend/src/controllers/AssessmentController.ts": {"path":"/home/wakanda_forever/Desktop/AISHA/backend/src/controllers/AssessmentController.ts","statementMap":{"0":{"start":{"line":2,"column":0},"end":{"line":2,"column":38}},"1":{"start":{"line":3,"column":0},"end":{"line":3,"column":50}},"2":{"start":{"line":4,"column":0},"end":{"line":4,"column":70}},"3":{"start":{"line":8,"column":8},"end":{"line":8,"column":29}},"4":{"start":{"line":11,"column":4},"end":{"line":53,"column":6}},"5":{"start":{"line":12,"column":8},"end":{"line":52,"column":40}},"6":{"start":{"line":13,"column":28},"end":{"line":13,"column":47}},"7":{"start":{"line":14,"column":52},"end":{"line":14,"column":60}},"8":{"start":{"line":17,"column":28},"end":{"line":17,"column":104}},"9":{"start":{"line":18,"column":12},"end":{"line":18,"column":129}},"10":{"start":{"line":18,"column":43},"end":{"line":18,"column":129}},"11":{"start":{"line":19,"column":34},"end":{"line":19,"column":52}},"12":{"start":{"line":22,"column":33},"end":{"line":28,"column":30}},"13":{"start":{"line":30,"column":12},"end":{"line":30,"column":112}},"14":{"start":{"line":30,"column":48},"end":{"line":30,"column":112}},"15":{"start":{"line":31,"column":30},"end":{"line":31,"column":50}},"16":{"start":{"line":33,"column":27},"end":{"line":37,"column":82}},"17":{"start":{"line":39,"column":31},"end":{"line":39,"column":45}},"18":{"start":{"line":42,"column":12},"end":{"line":49,"column":14}},"19":{"start":{"line":51,"column":12},"end":{"line":51,"column":74}},"20":{"start":{"line":52,"column":26},"end":{"line":52,"column":38}},"21":{"start":{"line":55,"column":4},"end":{"line":115,"column":6}},"22":{"start":{"line":57,"column":8},"end":{"line":114,"column":40}},"23":{"start":{"line":58,"column":28},"end":{"line":58,"column":47}},"24":{"start":{"line":59,"column":27},"end":{"line":59,"column":37}},"25":{"start":{"line":60,"column":47},"end":{"line":60,"column":55}},"26":{"start":{"line":62,"column":12},"end":{"line":64,"column":13}},"27":{"start":{"line":63,"column":16},"end":{"line":63,"column":75}},"28":{"start":{"line":67,"column":28},"end":{"line":67,"column":101}},"29":{"start":{"line":68,"column":12},"end":{"line":68,"column":100}},"30":{"start":{"line":68,"column":43},"end":{"line":68,"column":100}},"31":{"start":{"line":69,"column":30},"end":{"line":69,"column":48}},"32":{"start":{"line":71,"column":34},"end":{"line":78,"column":31}},"33":{"start":{"line":80,"column":12},"end":{"line":80,"column":114}},"34":{"start":{"line":80,"column":49},"end":{"line":80,"column":114}},"35":{"start":{"line":81,"column":31},"end":{"line":81,"column":52}},"36":{"start":{"line":83,"column":27},"end":{"line":88,"column":72}},"37":{"start":{"line":90,"column":28},"end":{"line":90,"column":42}},"38":{"start":{"line":93,"column":12},"end":{"line":100,"column":14}},"39":{"start":{"line":103,"column":12},"end":{"line":111,"column":13}},"40":{"start":{"line":104,"column":33},"end":{"line":104,"column":86}},"41":{"start":{"line":105,"column":16},"end":{"line":110,"column":18}},"42":{"start":{"line":113,"column":12},"end":{"line":113,"column":71}},"43":{"start":{"line":114,"column":26},"end":{"line":114,"column":38}},"44":{"start":{"line":117,"column":4},"end":{"line":147,"column":6}},"45":{"start":{"line":118,"column":8},"end":{"line":146,"column":40}},"46":{"start":{"line":119,"column":28},"end":{"line":119,"column":47}},"47":{"start":{"line":120,"column":29},"end":{"line":120,"column":38}},"48":{"start":{"line":122,"column":24},"end":{"line":129,"column":14}},"49":{"start":{"line":130,"column":34},"end":{"line":130,"column":42}},"50":{"start":{"line":132,"column":12},"end":{"line":140,"column":13}},"51":{"start":{"line":133,"column":16},"end":{"line":133,"column":95}},"52":{"start":{"line":134,"column":19},"end":{"line":140,"column":13}},"53":{"start":{"line":135,"column":16},"end":{"line":135,"column":102}},"54":{"start":{"line":136,"column":19},"end":{"line":140,"column":13}},"55":{"start":{"line":137,"column":16},"end":{"line":137,"column":94}},"56":{"start":{"line":139,"column":16},"end":{"line":139,"column":116}},"57":{"start":{"line":142,"column":12},"end":{"line":142,"column":51}},"58":{"start":{"line":144,"column":27},"end":{"line":144,"column":58}},"59":{"start":{"line":145,"column":12},"end":{"line":145,"column":75}},"60":{"start":{"line":146,"column":26},"end":{"line":146,"column":38}},"61":{"start":{"line":6,"column":0},"end":{"line":6,"column":13}}},"fnMap":{"0":{"name":"(anonymous_1)","decl":{"start":{"line":7,"column":4},"end":{"line":7,"column":null}},"loc":{"start":{"line":7,"column":4},"end":{"line":9,"column":5}}},"1":{"name":"(anonymous_2)","decl":{"start":{"line":11,"column":24},"end":{"line":11,"column":29}},"loc":{"start":{"line":11,"column":82},"end":{"line":53,"column":5}}},"2":{"name":"(anonymous_3)","decl":{"start":{"line":55,"column":29},"end":{"line":55,"column":34}},"loc":{"start":{"line":55,"column":87},"end":{"line":115,"column":5}}},"3":{"name":"(anonymous_4)","decl":{"start":{"line":117,"column":21},"end":{"line":117,"column":26}},"loc":{"start":{"line":117,"column":79},"end":{"line":147,"column":5}}}},"branchMap":{"0":{"loc":{"start":{"line":18,"column":12},"end":{"line":18,"column":129}},"type":"if","locations":[{"start":{"line":18,"column":12},"end":{"line":18,"column":129}},{"start":{},"end":{}}]},"1":{"loc":{"start":{"line":30,"column":12},"end":{"line":30,"column":112}},"type":"if","locations":[{"start":{"line":30,"column":12},"end":{"line":30,"column":112}},{"start":{},"end":{}}]},"2":{"loc":{"start":{"line":62,"column":12},"end":{"line":64,"column":13}},"type":"if","locations":[{"start":{"line":62,"column":12},"end":{"line":64,"column":13}},{"start":{},"end":{}}]},"3":{"loc":{"start":{"line":68,"column":12},"end":{"line":68,"column":100}},"type":"if","locations":[{"start":{"line":68,"column":12},"end":{"line":68,"column":100}},{"start":{},"end":{}}]},"4":{"loc":{"start":{"line":80,"column":12},"end":{"line":80,"column":114}},"type":"if","locations":[{"start":{"line":80,"column":12},"end":{"line":80,"column":114}},{"start":{},"end":{}}]},"5":{"loc":{"start":{"line":88,"column":24},"end":{"line":88,"column":66}},"type":"binary-expr","locations":[{"start":{"line":88,"column":24},"end":{"line":88,"column":38}},{"start":{"line":88,"column":42},"end":{"line":88,"column":66}}]},"6":{"loc":{"start":{"line":97,"column":16},"end":{"line":97,"column":101}},"type":"cond-expr","locations":[{"start":{"line":97,"column":41},"end":{"line":97,"column":50}},{"start":{"line":97,"column":54},"end":{"line":97,"column":100}}]},"7":{"loc":{"start":{"line":97,"column":54},"end":{"line":97,"column":100}},"type":"cond-expr","locations":[{"start":{"line":97,"column":79},"end":{"line":97,"column":88}},{"start":{"line":97,"column":91},"end":{"line":97,"column":100}}]},"8":{"loc":{"start":{"line":103,"column":12},"end":{"line":111,"column":13}},"type":"if","locations":[{"start":{"line":103,"column":12},"end":{"line":111,"column":13}},{"start":{},"end":{}}]},"9":{"loc":{"start":{"line":132,"column":12},"end":{"line":140,"column":13}},"type":"if","locations":[{"start":{"line":132,"column":12},"end":{"line":140,"column":13}},{"start":{"line":134,"column":19},"end":{"line":140,"column":13}}]},"10":{"loc":{"start":{"line":134,"column":19},"end":{"line":140,"column":13}},"type":"if","locations":[{"start":{"line":134,"column":19},"end":{"line":140,"column":13}},{"start":{"line":136,"column":19},"end":{"line":140,"column":13}}]},"11":{"loc":{"start":{"line":136,"column":19},"end":{"line":140,"column":13}},"type":"if","locations":[{"start":{"line":136,"column":19},"end":{"line":140,"column":13}},{"start":{"line":138,"column":19},"end":{"line":140,"column":13}}]}},"s":{"0":3,"1":3,"2":3,"3":3,"4":3,"5":0,"6":0,"7":0,"8":0,"9":0,"10":0,"11":0,"12":0,"13":0,"14":0,"15":0,"16":0,"17":0,"18":0,"19":0,"20":0,"21":3,"22":0,"23":0,"24":0,"25":0,"26":0,"27":0,"28":0,"29":0,"30":0,"31":0,"32":0,"33":0,"34":0,"35":0,"36":0,"37":0,"38":0,"39":0,"40":0,"41":0,"42":0,"43":0,"44":3,"45":0,"46":0,"47":0,"48":0,"49":0,"50":0,"51":0,"52":0,"53":0,"54":0,"55":0,"56":0,"57":0,"58":0,"59":0,"60":0,"61":3},"f":{"0":3,"1":0,"2":0,"3":0},"b":{"0":[0,0],"1":[0,0],"2":[0,0],"3":[0,0],"4":[0,0],"5":[0,0],"6":[0,0],"7":[0,0],"8":[0,0],"9":[0,0],"10":[0,0],"11":[0,0]}}
,"/home/wakanda_forever/Desktop/AISHA/backend/src/controllers/AuthController.ts": {"path":"/home/wakanda_forever/Desktop/AISHA/backend/src/controllers/AuthController.ts","statementMap":{"0":{"start":{"line":2,"column":0},"end":{"line":2,"column":30}},"1":{"start":{"line":3,"column":0},"end":{"line":3,"column":31}},"2":{"start":{"line":4,"column":0},"end":{"line":4,"column":28}},"3":{"start":{"line":5,"column":0},"end":{"line":5,"column":38}},"4":{"start":{"line":6,"column":0},"end":{"line":6,"column":50}},"5":{"start":{"line":7,"column":0},"end":{"line":7,"column":56}},"6":{"start":{"line":8,"column":0},"end":{"line":8,"column":76}},"7":{"start":{"line":12,"column":8},"end":{"line":12,"column":23}},"8":{"start":{"line":18,"column":4},"end":{"line":101,"column":6}},"9":{"start":{"line":19,"column":36},"end":{"line":19,"column":44}},"10":{"start":{"line":21,"column":8},"end":{"line":100,"column":9}},"11":{"start":{"line":23,"column":30},"end":{"line":34,"column":14}},"12":{"start":{"line":35,"column":31},"end":{"line":35,"column":67}},"13":{"start":{"line":37,"column":12},"end":{"line":42,"column":13}},"14":{"start":{"line":38,"column":16},"end":{"line":41,"column":19}},"15":{"start":{"line":44,"column":25},"end":{"line":44,"column":43}},"16":{"start":{"line":47,"column":12},"end":{"line":52,"column":13}},"17":{"start":{"line":48,"column":16},"end":{"line":51,"column":19}},"18":{"start":{"line":54,"column":12},"end":{"line":59,"column":13}},"19":{"start":{"line":55,"column":16},"end":{"line":58,"column":19}},"20":{"start":{"line":62,"column":28},"end":{"line":62,"column":78}},"21":{"start":{"line":63,"column":12},"end":{"line":65,"column":13}},"22":{"start":{"line":64,"column":16},"end":{"line":64,"column":80}},"23":{"start":{"line":68,"column":26},"end":{"line":77,"column":null}},"24":{"start":{"line":81,"column":12},"end":{"line":81,"column":93}},"25":{"start":{"line":84,"column":12},"end":{"line":95,"column":15}},"26":{"start":{"line":98,"column":12},"end":{"line":98,"column":57}},"27":{"start":{"line":99,"column":12},"end":{"line":99,"column":71}},"28":{"start":{"line":106,"column":4},"end":{"line":200,"column":6}},"29":{"start":{"line":107,"column":8},"end":{"line":110,"column":11}},"30":{"start":{"line":112,"column":42},"end":{"line":112,"column":50}},"31":{"start":{"line":114,"column":8},"end":{"line":199,"column":9}},"32":{"start":{"line":116,"column":31},"end":{"line":116,"column":70}},"33":{"start":{"line":117,"column":29},"end":{"line":117,"column":66}},"34":{"start":{"line":118,"column":12},"end":{"line":120,"column":13}},"35":{"start":{"line":119,"column":16},"end":{"line":119,"column":81}},"36":{"start":{"line":123,"column":25},"end":{"line":123,"column":49}},"37":{"start":{"line":124,"column":35},"end":{"line":124,"column":68}},"38":{"start":{"line":127,"column":38},"end":{"line":127,"column":76}},"39":{"start":{"line":130,"column":32},"end":{"line":134,"column":14}},"40":{"start":{"line":136,"column":32},"end":{"line":136,"column":55}},"41":{"start":{"line":137,"column":36},"end":{"line":137,"column":64}},"42":{"start":{"line":140,"column":12},"end":{"line":145,"column":13}},"43":{"start":{"line":141,"column":32},"end":{"line":141,"column":126}},"44":{"start":{"line":142,"column":16},"end":{"line":144,"column":17}},"45":{"start":{"line":143,"column":20},"end":{"line":143,"column":55}},"46":{"start":{"line":147,"column":27},"end":{"line":147,"column":129}},"47":{"start":{"line":150,"column":12},"end":{"line":173,"column":13}},"48":{"start":{"line":151,"column":31},"end":{"line":151,"column":48}},"49":{"start":{"line":152,"column":45},"end":{"line":152,"column":53}},"50":{"start":{"line":153,"column":38},"end":{"line":153,"column":67}},"51":{"start":{"line":156,"column":16},"end":{"line":159,"column":18}},"52":{"start":{"line":161,"column":16},"end":{"line":172,"column":17}},"53":{"start":{"line":162,"column":20},"end":{"line":171,"column":23}},"54":{"start":{"line":163,"column":24},"end":{"line":170,"column":25}},"55":{"start":{"line":164,"column":47},"end":{"line":164,"column":119}},"56":{"start":{"line":165,"column":28},"end":{"line":167,"column":29}},"57":{"start":{"line":166,"column":32},"end":{"line":166,"column":103}},"58":{"start":{"line":169,"column":28},"end":{"line":169,"column":83}},"59":{"start":{"line":176,"column":28},"end":{"line":176,"column":33}},"60":{"start":{"line":177,"column":29},"end":{"line":177,"column":31}},"61":{"start":{"line":178,"column":12},"end":{"line":184,"column":13}},"62":{"start":{"line":179,"column":16},"end":{"line":179,"column":83}},"63":{"start":{"line":180,"column":16},"end":{"line":180,"column":33}},"64":{"start":{"line":182,"column":16},"end":{"line":182,"column":73}},"65":{"start":{"line":183,"column":16},"end":{"line":183,"column":41}},"66":{"start":{"line":186,"column":12},"end":{"line":194,"column":15}},"67":{"start":{"line":197,"column":12},"end":{"line":197,"column":64}},"68":{"start":{"line":198,"column":12},"end":{"line":198,"column":71}},"69":{"start":{"line":205,"column":4},"end":{"line":227,"column":6}},"70":{"start":{"line":206,"column":26},"end":{"line":206,"column":34}},"71":{"start":{"line":208,"column":8},"end":{"line":226,"column":9}},"72":{"start":{"line":209,"column":26},"end":{"line":209,"column":78}},"73":{"start":{"line":210,"column":27},"end":{"line":210,"column":59}},"74":{"start":{"line":212,"column":12},"end":{"line":214,"column":13}},"75":{"start":{"line":213,"column":16},"end":{"line":213,"column":98}},"76":{"start":{"line":216,"column":27},"end":{"line":216,"column":44}},"77":{"start":{"line":217,"column":12},"end":{"line":217,"column":119}},"78":{"start":{"line":219,"column":12},"end":{"line":222,"column":15}},"79":{"start":{"line":224,"column":12},"end":{"line":224,"column":64}},"80":{"start":{"line":225,"column":12},"end":{"line":225,"column":71}},"81":{"start":{"line":232,"column":4},"end":{"line":265,"column":6}},"82":{"start":{"line":233,"column":26},"end":{"line":233,"column":34}},"83":{"start":{"line":235,"column":8},"end":{"line":264,"column":9}},"84":{"start":{"line":236,"column":30},"end":{"line":236,"column":69}},"85":{"start":{"line":237,"column":31},"end":{"line":237,"column":67}},"86":{"start":{"line":239,"column":12},"end":{"line":245,"column":13}},"87":{"start":{"line":241,"column":16},"end":{"line":244,"column":19}},"88":{"start":{"line":247,"column":31},"end":{"line":247,"column":69}},"89":{"start":{"line":248,"column":38},"end":{"line":248,"column":68}},"90":{"start":{"line":250,"column":12},"end":{"line":253,"column":14}},"91":{"start":{"line":255,"column":12},"end":{"line":255,"column":73}},"92":{"start":{"line":257,"column":12},"end":{"line":260,"column":15}},"93":{"start":{"line":262,"column":12},"end":{"line":262,"column":67}},"94":{"start":{"line":263,"column":12},"end":{"line":263,"column":71}},"95":{"start":{"line":270,"column":4},"end":{"line":298,"column":6}},"96":{"start":{"line":271,"column":36},"end":{"line":271,"column":44}},"97":{"start":{"line":273,"column":8},"end":{"line":297,"column":9}},"98":{"start":{"line":274,"column":26},"end":{"line":274,"column":103}},"99":{"start":{"line":275,"column":27},"end":{"line":275,"column":59}},"100":{"start":{"line":277,"column":12},"end":{"line":279,"column":13}},"101":{"start":{"line":278,"column":16},"end":{"line":278,"column":91}},"102":{"start":{"line":281,"column":27},"end":{"line":281,"column":44}},"103":{"start":{"line":282,"column":25},"end":{"line":282,"column":49}},"104":{"start":{"line":283,"column":35},"end":{"line":283,"column":68}},"105":{"start":{"line":285,"column":12},"end":{"line":288,"column":14}},"106":{"start":{"line":290,"column":12},"end":{"line":293,"column":15}},"107":{"start":{"line":295,"column":12},"end":{"line":295,"column":66}},"108":{"start":{"line":296,"column":12},"end":{"line":296,"column":71}},"109":{"start":{"line":303,"column":4},"end":{"line":309,"column":6}},"110":{"start":{"line":305,"column":8},"end":{"line":308,"column":11}},"111":{"start":{"line":314,"column":4},"end":{"line":366,"column":6}},"112":{"start":{"line":315,"column":24},"end":{"line":315,"column":44}},"113":{"start":{"line":316,"column":22},"end":{"line":316,"column":44}},"114":{"start":{"line":318,"column":23},"end":{"line":318,"column":43}},"115":{"start":{"line":319,"column":8},"end":{"line":365,"column":9}},"116":{"start":{"line":320,"column":12},"end":{"line":320,"column":40}},"117":{"start":{"line":322,"column":12},"end":{"line":342,"column":13}},"118":{"start":{"line":323,"column":35},"end":{"line":323,"column":109}},"119":{"start":{"line":324,"column":16},"end":{"line":341,"column":17}},"120":{"start":{"line":325,"column":38},"end":{"line":325,"column":59}},"121":{"start":{"line":328,"column":20},"end":{"line":328,"column":152}},"122":{"start":{"line":329,"column":20},"end":{"line":329,"column":154}},"123":{"start":{"line":330,"column":20},"end":{"line":330,"column":102}},"124":{"start":{"line":333,"column":20},"end":{"line":333,"column":114}},"125":{"start":{"line":334,"column":20},"end":{"line":334,"column":103}},"126":{"start":{"line":337,"column":20},"end":{"line":337,"column":115}},"127":{"start":{"line":340,"column":20},"end":{"line":340,"column":90}},"128":{"start":{"line":345,"column":12},"end":{"line":345,"column":86}},"129":{"start":{"line":346,"column":12},"end":{"line":346,"column":89}},"130":{"start":{"line":347,"column":12},"end":{"line":347,"column":114}},"131":{"start":{"line":350,"column":12},"end":{"line":350,"column":76}},"132":{"start":{"line":352,"column":12},"end":{"line":352,"column":41}},"133":{"start":{"line":354,"column":12},"end":{"line":357,"column":15}},"134":{"start":{"line":360,"column":12},"end":{"line":360,"column":43}},"135":{"start":{"line":361,"column":12},"end":{"line":361,"column":66}},"136":{"start":{"line":362,"column":12},"end":{"line":362,"column":71}},"137":{"start":{"line":364,"column":12},"end":{"line":364,"column":29}},"138":{"start":{"line":10,"column":0},"end":{"line":10,"column":13}}},"fnMap":{"0":{"name":"(anonymous_1)","decl":{"start":{"line":11,"column":4},"end":{"line":11,"column":null}},"loc":{"start":{"line":11,"column":4},"end":{"line":13,"column":5}}},"1":{"name":"(anonymous_2)","decl":{"start":{"line":18,"column":12},"end":{"line":18,"column":17}},"loc":{"start":{"line":18,"column":50},"end":{"line":101,"column":5}}},"2":{"name":"(anonymous_3)","decl":{"start":{"line":106,"column":15},"end":{"line":106,"column":20}},"loc":{"start":{"line":106,"column":53},"end":{"line":200,"column":5}}},"3":{"name":"(anonymous_4)","decl":{"start":{"line":162,"column":37},"end":{"line":162,"column":42}},"loc":{"start":{"line":162,"column":48},"end":{"line":171,"column":21}}},"4":{"name":"(anonymous_5)","decl":{"start":{"line":205,"column":18},"end":{"line":205,"column":23}},"loc":{"start":{"line":205,"column":56},"end":{"line":227,"column":5}}},"5":{"name":"(anonymous_6)","decl":{"start":{"line":232,"column":21},"end":{"line":232,"column":26}},"loc":{"start":{"line":232,"column":59},"end":{"line":265,"column":5}}},"6":{"name":"(anonymous_7)","decl":{"start":{"line":270,"column":20},"end":{"line":270,"column":25}},"loc":{"start":{"line":270,"column":58},"end":{"line":298,"column":5}}},"7":{"name":"(anonymous_8)","decl":{"start":{"line":303,"column":12},"end":{"line":303,"column":17}},"loc":{"start":{"line":303,"column":50},"end":{"line":309,"column":5}}},"8":{"name":"(anonymous_9)","decl":{"start":{"line":314,"column":20},"end":{"line":314,"column":25}},"loc":{"start":{"line":314,"column":58},"end":{"line":366,"column":5}}}},"branchMap":{"0":{"loc":{"start":{"line":37,"column":12},"end":{"line":42,"column":13}},"type":"if","locations":[{"start":{"line":37,"column":12},"end":{"line":42,"column":13}},{"start":{},"end":{}}]},"1":{"loc":{"start":{"line":47,"column":12},"end":{"line":52,"column":13}},"type":"if","locations":[{"start":{"line":47,"column":12},"end":{"line":52,"column":13}},{"start":{},"end":{}}]},"2":{"loc":{"start":{"line":54,"column":12},"end":{"line":59,"column":13}},"type":"if","locations":[{"start":{"line":54,"column":12},"end":{"line":59,"column":13}},{"start":{},"end":{}}]},"3":{"loc":{"start":{"line":63,"column":12},"end":{"line":65,"column":13}},"type":"if","locations":[{"start":{"line":63,"column":12},"end":{"line":65,"column":13}},{"start":{},"end":{}}]},"4":{"loc":{"start":{"line":76,"column":16},"end":{"line":76,"column":63}},"type":"binary-expr","locations":[{"start":{"line":76,"column":16},"end":{"line":76,"column":38}},{"start":{"line":76,"column":42},"end":{"line":76,"column":63}}]},"5":{"loc":{"start":{"line":118,"column":12},"end":{"line":120,"column":13}},"type":"if","locations":[{"start":{"line":118,"column":12},"end":{"line":120,"column":13}},{"start":{},"end":{}}]},"6":{"loc":{"start":{"line":140,"column":12},"end":{"line":145,"column":13}},"type":"if","locations":[{"start":{"line":140,"column":12},"end":{"line":145,"column":13}},{"start":{},"end":{}}]},"7":{"loc":{"start":{"line":140,"column":16},"end":{"line":140,"column":71}},"type":"binary-expr","locations":[{"start":{"line":140,"column":16},"end":{"line":140,"column":30}},{"start":{"line":140,"column":34},"end":{"line":140,"column":49}},{"start":{"line":140,"column":53},"end":{"line":140,"column":71}}]},"8":{"loc":{"start":{"line":142,"column":16},"end":{"line":144,"column":17}},"type":"if","locations":[{"start":{"line":142,"column":16},"end":{"line":144,"column":17}},{"start":{},"end":{}}]},"9":{"loc":{"start":{"line":147,"column":106},"end":{"line":147,"column":127}},"type":"binary-expr","locations":[{"start":{"line":147,"column":106},"end":{"line":147,"column":119}},{"start":{"line":147,"column":123},"end":{"line":147,"column":127}}]},"10":{"loc":{"start":{"line":150,"column":12},"end":{"line":173,"column":13}},"type":"if","locations":[{"start":{"line":150,"column":12},"end":{"line":173,"column":13}},{"start":{},"end":{}}]},"11":{"loc":{"start":{"line":158,"column":29},"end":{"line":158,"column":53}},"type":"binary-expr","locations":[{"start":{"line":158,"column":29},"end":{"line":158,"column":45}},{"start":{"line":158,"column":49},"end":{"line":158,"column":53}}]},"12":{"loc":{"start":{"line":158,"column":55},"end":{"line":158,"column":76}},"type":"binary-expr","locations":[{"start":{"line":158,"column":55},"end":{"line":158,"column":68}},{"start":{"line":158,"column":72},"end":{"line":158,"column":76}}]},"13":{"loc":{"start":{"line":161,"column":16},"end":{"line":172,"column":17}},"type":"if","locations":[{"start":{"line":161,"column":16},"end":{"line":172,"column":17}},{"start":{},"end":{}}]},"14":{"loc":{"start":{"line":161,"column":20},"end":{"line":161,"column":53}},"type":"binary-expr","locations":[{"start":{"line":161,"column":20},"end":{"line":161,"column":36}},{"start":{"line":161,"column":40},"end":{"line":161,"column":53}}]},"15":{"loc":{"start":{"line":165,"column":28},"end":{"line":167,"column":29}},"type":"if","locations":[{"start":{"line":165,"column":28},"end":{"line":167,"column":29}},{"start":{},"end":{}}]},"16":{"loc":{"start":{"line":188,"column":25},"end":{"line":190,"column":94}},"type":"cond-expr","locations":[{"start":{"line":189,"column":22},"end":{"line":189,"column":96}},{"start":{"line":190,"column":22},"end":{"line":190,"column":94}}]},"17":{"loc":{"start":{"line":212,"column":12},"end":{"line":214,"column":13}},"type":"if","locations":[{"start":{"line":212,"column":12},"end":{"line":214,"column":13}},{"start":{},"end":{}}]},"18":{"loc":{"start":{"line":239,"column":12},"end":{"line":245,"column":13}},"type":"if","locations":[{"start":{"line":239,"column":12},"end":{"line":245,"column":13}},{"start":{},"end":{}}]},"19":{"loc":{"start":{"line":277,"column":12},"end":{"line":279,"column":13}},"type":"if","locations":[{"start":{"line":277,"column":12},"end":{"line":279,"column":13}},{"start":{},"end":{}}]},"20":{"loc":{"start":{"line":322,"column":12},"end":{"line":342,"column":13}},"type":"if","locations":[{"start":{"line":322,"column":12},"end":{"line":342,"column":13}},{"start":{},"end":{}}]},"21":{"loc":{"start":{"line":324,"column":16},"end":{"line":341,"column":17}},"type":"if","locations":[{"start":{"line":324,"column":16},"end":{"line":341,"column":17}},{"start":{},"end":{}}]}},"s":{"0":3,"1":3,"2":3,"3":3,"4":3,"5":3,"6":3,"7":3,"8":3,"9":0,"10":0,"11":0,"12":0,"13":0,"14":0,"15":0,"16":0,"17":0,"18":0,"19":0,"20":0,"21":0,"22":0,"23":0,"24":0,"25":0,"26":0,"27":0,"28":3,"29":0,"30":0,"31":0,"32":0,"33":0,"34":0,"35":0,"36":0,"37":0,"38":0,"39":0,"40":0,"41":0,"42":0,"43":0,"44":0,"45":0,"46":0,"47":0,"48":0,"49":0,"50":0,"51":0,"52":0,"53":0,"54":0,"55":0,"56":0,"57":0,"58":0,"59":0,"60":0,"61":0,"62":0,"63":0,"64":0,"65":0,"66":0,"67":0,"68":0,"69":3,"70":0,"71":0,"72":0,"73":0,"74":0,"75":0,"76":0,"77":0,"78":0,"79":0,"80":0,"81":3,"82":0,"83":0,"84":0,"85":0,"86":0,"87":0,"88":0,"89":0,"90":0,"91":0,"92":0,"93":0,"94":0,"95":3,"96":0,"97":0,"98":0,"99":0,"100":0,"101":0,"102":0,"103":0,"104":0,"105":0,"106":0,"107":0,"108":0,"109":3,"110":0,"111":3,"112":0,"113":0,"114":0,"115":0,"116":0,"117":0,"118":0,"119":0,"120":0,"121":0,"122":0,"123":0,"124":0,"125":0,"126":0,"127":0,"128":0,"129":0,"130":0,"131":0,"132":0,"133":0,"134":0,"135":0,"136":0,"137":0,"138":3},"f":{"0":3,"1":0,"2":0,"3":0,"4":0,"5":0,"6":0,"7":0,"8":0},"b":{"0":[0,0],"1":[0,0],"2":[0,0],"3":[0,0],"4":[0,0],"5":[0,0],"6":[0,0],"7":[0,0,0],"8":[0,0],"9":[0,0],"10":[0,0],"11":[0,0],"12":[0,0],"13":[0,0],"14":[0,0],"15":[0,0],"16":[0,0],"17":[0,0],"18":[0,0],"19":[0,0],"20":[0,0],"21":[0,0]}}
,"/home/wakanda_forever/Desktop/AISHA/backend/src/controllers/AutomationController.ts": {"path":"/home/wakanda_forever/Desktop/AISHA/backend/src/controllers/AutomationController.ts","statementMap":{"0":{"start":{"line":2,"column":0},"end":{"line":2,"column":38}},"1":{"start":{"line":3,"column":0},"end":{"line":3,"column":50}},"2":{"start":{"line":7,"column":8},"end":{"line":7,"column":28}},"3":{"start":{"line":17,"column":4},"end":{"line":39,"column":6}},"4":{"start":{"line":18,"column":8},"end":{"line":38,"column":9}},"5":{"start":{"line":19,"column":28},"end":{"line":19,"column":48}},"6":{"start":{"line":22,"column":31},"end":{"line":22,"column":103}},"7":{"start":{"line":23,"column":12},"end":{"line":23,"column":108}},"8":{"start":{"line":23,"column":46},"end":{"line":23,"column":108}},"9":{"start":{"line":24,"column":30},"end":{"line":24,"column":51}},"10":{"start":{"line":26,"column":42},"end":{"line":26,"column":82}},"11":{"start":{"line":27,"column":27},"end":{"line":27,"column":82}},"12":{"start":{"line":29,"column":12},"end":{"line":34,"column":15}},"13":{"start":{"line":37,"column":12},"end":{"line":37,"column":24}},"14":{"start":{"line":44,"column":4},"end":{"line":64,"column":6}},"15":{"start":{"line":45,"column":8},"end":{"line":63,"column":9}},"16":{"start":{"line":46,"column":28},"end":{"line":46,"column":48}},"17":{"start":{"line":47,"column":32},"end":{"line":47,"column":40}},"18":{"start":{"line":49,"column":27},"end":{"line":51,"column":null}},"19":{"start":{"line":54,"column":12},"end":{"line":54,"column":104}},"20":{"start":{"line":54,"column":42},"end":{"line":54,"column":104}},"21":{"start":{"line":56,"column":12},"end":{"line":59,"column":15}},"22":{"start":{"line":62,"column":12},"end":{"line":62,"column":24}},"23":{"start":{"line":5,"column":0},"end":{"line":5,"column":13}}},"fnMap":{"0":{"name":"(anonymous_1)","decl":{"start":{"line":6,"column":4},"end":{"line":6,"column":null}},"loc":{"start":{"line":6,"column":4},"end":{"line":8,"column":5}}},"1":{"name":"(anonymous_2)","decl":{"start":{"line":17,"column":19},"end":{"line":17,"column":24}},"loc":{"start":{"line":17,"column":77},"end":{"line":39,"column":5}}},"2":{"name":"(anonymous_3)","decl":{"start":{"line":44,"column":22},"end":{"line":44,"column":27}},"loc":{"start":{"line":44,"column":80},"end":{"line":64,"column":5}}}},"branchMap":{"0":{"loc":{"start":{"line":23,"column":12},"end":{"line":23,"column":108}},"type":"if","locations":[{"start":{"line":23,"column":12},"end":{"line":23,"column":108}},{"start":{},"end":{}}]},"1":{"loc":{"start":{"line":54,"column":12},"end":{"line":54,"column":104}},"type":"if","locations":[{"start":{"line":54,"column":12},"end":{"line":54,"column":104}},{"start":{},"end":{}}]}},"s":{"0":3,"1":3,"2":3,"3":3,"4":0,"5":0,"6":0,"7":0,"8":0,"9":0,"10":0,"11":0,"12":0,"13":0,"14":3,"15":0,"16":0,"17":0,"18":0,"19":0,"20":0,"21":0,"22":0,"23":3},"f":{"0":3,"1":0,"2":0},"b":{"0":[0,0],"1":[0,0]}}
,"/home/wakanda_forever/Desktop/AISHA/backend/src/controllers/BaseController.ts": {"path":"/home/wakanda_forever/Desktop/AISHA/backend/src/controllers/BaseController.ts","statementMap":{"0":{"start":{"line":2,"column":0},"end":{"line":2,"column":38}},"1":{"start":{"line":11,"column":4},"end":{"line":22,"column":6}},"2":{"start":{"line":12,"column":8},"end":{"line":21,"column":9}},"3":{"start":{"line":13,"column":27},"end":{"line":13,"column":74}},"4":{"start":{"line":14,"column":12},"end":{"line":18,"column":15}},"5":{"start":{"line":20,"column":12},"end":{"line":20,"column":24}},"6":{"start":{"line":24,"column":4},"end":{"line":43,"column":6}},"7":{"start":{"line":25,"column":8},"end":{"line":42,"column":9}},"8":{"start":{"line":26,"column":27},"end":{"line":26,"column":37}},"9":{"start":{"line":27,"column":27},"end":{"line":27,"column":94}},"10":{"start":{"line":29,"column":12},"end":{"line":34,"column":13}},"11":{"start":{"line":30,"column":16},"end":{"line":33,"column":19}},"12":{"start":{"line":36,"column":12},"end":{"line":39,"column":15}},"13":{"start":{"line":41,"column":12},"end":{"line":41,"column":24}},"14":{"start":{"line":8,"column":8},"end":{"line":8,"column":27}},"15":{"start":{"line":4,"column":0},"end":{"line":4,"column":13}}},"fnMap":{"0":{"name":"(anonymous_1)","decl":{"start":{"line":7,"column":4},"end":{"line":7,"column":16}},"loc":{"start":{"line":7,"column":29},"end":{"line":9,"column":5}}},"1":{"name":"(anonymous_2)","decl":{"start":{"line":11,"column":13},"end":{"line":11,"column":18}},"loc":{"start":{"line":11,"column":71},"end":{"line":22,"column":5}}},"2":{"name":"(anonymous_3)","decl":{"start":{"line":24,"column":13},"end":{"line":24,"column":18}},"loc":{"start":{"line":24,"column":71},"end":{"line":43,"column":5}}}},"branchMap":{"0":{"loc":{"start":{"line":29,"column":12},"end":{"line":34,"column":13}},"type":"if","locations":[{"start":{"line":29,"column":12},"end":{"line":34,"column":13}},{"start":{},"end":{}}]}},"s":{"0":3,"1":51,"2":0,"3":0,"4":0,"5":0,"6":51,"7":0,"8":0,"9":0,"10":0,"11":0,"12":0,"13":0,"14":51,"15":3},"f":{"0":51,"1":0,"2":0},"b":{"0":[0,0]}}
[...]
,"/home/wakanda_forever/Desktop/AISHA/backend/src/services/MessageService.ts": {"path":"/home/wakanda_forever/Desktop/AISHA/backend/src/services/MessageService.ts","statementMap":{"0":{"start":{"line":1,"column":0},"end":{"line":1,"column":38}},"1":{"start":{"line":2,"column":0},"end":{"line":2,"column":52}},"2":{"start":{"line":3,"column":0},"end":{"line":3,"column":60}},"3":{"start":{"line":4,"column":0},"end":{"line":4,"column":26}},"4":{"start":{"line":11,"column":22},"end":{"line":15,"column":10}},"5":{"start":{"line":16,"column":23},"end":{"line":24,"column":10}},"6":{"start":{"line":26,"column":24},"end":{"line":26,"column":38}},"7":{"start":{"line":29,"column":8},"end":{"line":32,"column":11}},"8":{"start":{"line":35,"column":8},"end":{"line":40,"column":10}},"9":{"start":{"line":42,"column":8},"end":{"line":42,"column":23}},"10":{"start":{"line":49,"column":20},"end":{"line":57,"column":10}},"11":{"start":{"line":58,"column":30},"end":{"line":58,"column":38}},"12":{"start":{"line":60,"column":8},"end":{"line":66,"column":9}},"13":{"start":{"line":61,"column":12},"end":{"line":61,"column":69}},"14":{"start":{"line":62,"column":12},"end":{"line":62,"column":33}},"15":{"start":{"line":63,"column":15},"end":{"line":66,"column":9}},"16":{"start":{"line":64,"column":12},"end":{"line":64,"column":50}},"17":{"start":{"line":65,"column":12},"end":{"line":65,"column":31}},"18":{"start":{"line":68,"column":8},"end":{"line":68,"column":46}},"19":{"start":{"line":69,"column":23},"end":{"line":69,"column":54}},"20":{"start":{"line":70,"column":8},"end":{"line":70,"column":27}},"21":{"start":{"line":74,"column":20},"end":{"line":74,"column":88}},"22":{"start":{"line":75,"column":8},"end":{"line":75,"column":51}},"23":{"start":{"line":82,"column":29},"end":{"line":82,"column":82}},"24":{"start":{"line":83,"column":8},"end":{"line":94,"column":9}},"25":{"start":{"line":84,"column":29},"end":{"line":89,"column":14}},"26":{"start":{"line":90,"column":12},"end":{"line":90,"column":33}},"27":{"start":{"line":92,"column":12},"end":{"line":92,"column":63}},"28":{"start":{"line":93,"column":12},"end":{"line":93,"column":72}},"29":{"start":{"line":101,"column":29},"end":{"line":101,"column":82}},"30":{"start":{"line":102,"column":8},"end":{"line":111,"column":9}},"31":{"start":{"line":103,"column":29},"end":{"line":106,"column":14}},"32":{"start":{"line":107,"column":12},"end":{"line":107,"column":33}},"33":{"start":{"line":109,"column":12},"end":{"line":109,"column":66}},"34":{"start":{"line":110,"column":12},"end":{"line":110,"column":86}},"35":{"start":{"line":6,"column":0},"end":{"line":6,"column":13}}},"fnMap":{"0":{"name":"(anonymous_1)","decl":{"start":{"line":10,"column":4},"end":{"line":10,"column":10}},"loc":{"start":{"line":10,"column":162},"end":{"line":43,"column":5}}},"1":{"name":"(anonymous_2)","decl":{"start":{"line":48,"column":4},"end":{"line":48,"column":10}},"loc":{"start":{"line":48,"column":77},"end":{"line":71,"column":5}}},"2":{"name":"(anonymous_3)","decl":{"start":{"line":73,"column":12},"end":{"line":73,"column":18}},"loc":{"start":{"line":73,"column":49},"end":{"line":76,"column":5}}},"3":{"name":"(anonymous_4)","decl":{"start":{"line":81,"column":4},"end":{"line":81,"column":10}},"loc":{"start":{"line":81,"column":82},"end":{"line":95,"column":5}}},"4":{"name":"(anonymous_5)","decl":{"start":{"line":100,"column":4},"end":{"line":100,"column":10}},"loc":{"start":{"line":100,"column":64},"end":{"line":112,"column":5}}}},"branchMap":{"0":{"loc":{"start":{"line":20,"column":12},"end":{"line":20,"column":34}},"type":"binary-expr","locations":[{"start":{"line":20,"column":12},"end":{"line":20,"column":26}},{"start":{"line":20,"column":30},"end":{"line":20,"column":34}}]},"1":{"loc":{"start":{"line":21,"column":12},"end":{"line":21,"column":34}},"type":"binary-expr","locations":[{"start":{"line":21,"column":12},"end":{"line":21,"column":26}},{"start":{"line":21,"column":30},"end":{"line":21,"column":34}}]},"2":{"loc":{"start":{"line":22,"column":12},"end":{"line":22,"column":34}},"type":"binary-expr","locations":[{"start":{"line":22,"column":12},"end":{"line":22,"column":25}},{"start":{"line":22,"column":29},"end":{"line":22,"column":34}}]},"3":{"loc":{"start":{"line":23,"column":12},"end":{"line":23,"column":37}},"type":"binary-expr","locations":[{"start":{"line":23,"column":12},"end":{"line":23,"column":31}},{"start":{"line":23,"column":35},"end":{"line":23,"column":37}}]},"4":{"loc":{"start":{"line":38,"column":40},"end":{"line":38,"column":72}},"type":"cond-expr","locations":[{"start":{"line":38,"column":62},"end":{"line":38,"column":67}},{"start":{"line":38,"column":70},"end":{"line":38,"column":72}}]},"5":{"loc":{"start":{"line":60,"column":8},"end":{"line":66,"column":9}},"type":"if","locations":[{"start":{"line":60,"column":8},"end":{"line":66,"column":9}},{"start":{"line":63,"column":15},"end":{"line":66,"column":9}}]},"6":{"loc":{"start":{"line":63,"column":15},"end":{"line":66,"column":9}},"type":"if","locations":[{"start":{"line":63,"column":15},"end":{"line":66,"column":9}},{"start":{},"end":{}}]},"7":{"loc":{"start":{"line":75,"column":15},"end":{"line":75,"column":50}},"type":"binary-expr","locations":[{"start":{"line":75,"column":15},"end":{"line":75,"column":38}},{"start":{"line":75,"column":42},"end":{"line":75,"column":50}}]},"8":{"loc":{"start":{"line":82,"column":29},"end":{"line":82,"column":82}},"type":"binary-expr","locations":[{"start":{"line":82,"column":29},"end":{"line":82,"column":55}},{"start":{"line":82,"column":59},"end":{"line":82,"column":82}}]},"9":{"loc":{"start":{"line":101,"column":29},"end":{"line":101,"column":82}},"type":"binary-expr","locations":[{"start":{"line":101,"column":29},"end":{"line":101,"column":55}},{"start":{"line":101,"column":59},"end":{"line":101,"column":82}}]}},"s":{"0":3,"1":3,"2":3,"3":3,"4":0,"5":0,"6":0,"7":0,"8":0,"9":0,"10":0,"11":0,"12":0,"13":0,"14":0,"15":0,"16":0,"17":0,"18":0,"19":0,"20":0,"21":0,"22":0,"23":0,"24":0,"25":0,"26":0,"27":0,"28":0,"29":0,"30":0,"31":0,"32":0,"33":0,"34":0,"35":3},"f":{"0":0,"1":0,"2":0,"3":0,"4":0},"b":{"0":[0,0],"1":[0,0],"2":[0,0],"3":[0,0],"4":[0,0],"5":[0,0],"6":[0,0],"7":[0,0],"8":[0,0],"9":[0,0]}}
,"/home/wakanda_forever/Desktop/AISHA/backend/src/services/NotificationService.ts": {"path":"/home/wakanda_forever/Desktop/AISHA/backend/src/services/NotificationService.ts","statementMap":{"0":{"start":{"line":1,"column":0},"end":{"line":1,"column":38}},"1":{"start":{"line":2,"column":0},"end":{"line":2,"column":37}},"2":{"start":{"line":3,"column":0},"end":{"line":3,"column":52}},"3":{"start":{"line":5,"column":20},"end":{"line":7,"column":2}},"4":{"start":{"line":9,"column":0},"end":{"line":12,"column":1}},"5":{"start":{"line":10,"column":4},"end":{"line":10,"column":79}},"6":{"start":{"line":10,"column":37},"end":{"line":10,"column":77}},"7":{"start":{"line":11,"column":4},"end":{"line":11,"column":47}},"8":{"start":{"line":31,"column":22},"end":{"line":35,"column":10}},"9":{"start":{"line":36,"column":8},"end":{"line":36,"column":82}},"10":{"start":{"line":38,"column":8},"end":{"line":38,"column":75}},"11":{"start":{"line":38,"column":68},"end":{"line":38,"column":75}},"12":{"start":{"line":41,"column":8},"end":{"line":58,"column":9}},"13":{"start":{"line":42,"column":33},"end":{"line":49,"column":14}},"14":{"start":{"line":51,"column":12},"end":{"line":51,"column":86}},"15":{"start":{"line":54,"column":12},"end":{"line":54,"column":77}},"16":{"start":{"line":57,"column":12},"end":{"line":57,"column":73}},"17":{"start":{"line":65,"column":27},"end":{"line":65,"column":70}},"18":{"start":{"line":66,"column":23},"end":{"line":66,"column":51}},"19":{"start":{"line":68,"column":8},"end":{"line":70,"column":9}},"20":{"start":{"line":69,"column":12},"end":{"line":69,"column":79}},"21":{"start":{"line":77,"column":22},"end":{"line":77,"column":101}},"22":{"start":{"line":78,"column":24},"end":{"line":78,"column":95}},"23":{"start":{"line":79,"column":21},"end":{"line":79,"column":63}},"24":{"start":{"line":80,"column":8},"end":{"line":80,"column":71}},"25":{"start":{"line":87,"column":8},"end":{"line":92,"column":10}},"26":{"start":{"line":99,"column":25},"end":{"line":99,"column":65}},"27":{"start":{"line":100,"column":8},"end":{"line":105,"column":10}},"28":{"start":{"line":112,"column":8},"end":{"line":119,"column":10}},"29":{"start":{"line":14,"column":0},"end":{"line":14,"column":13}}},"fnMap":{"0":{"name":"(anonymous_1)","decl":{"start":{"line":10,"column":28},"end":{"line":10,"column":29}},"loc":{"start":{"line":10,"column":37},"end":{"line":10,"column":77}}},"1":{"name":"(anonymous_2)","decl":{"start":{"line":23,"column":4},"end":{"line":23,"column":10}},"loc":{"start":{"line":29,"column":28},"end":{"line":59,"column":5}}},"2":{"name":"(anonymous_3)","decl":{"start":{"line":64,"column":4},"end":{"line":64,"column":10}},"loc":{"start":{"line":64,"column":60},"end":{"line":71,"column":5}}},"3":{"name":"(anonymous_4)","decl":{"start":{"line":76,"column":4},"end":{"line":76,"column":10}},"loc":{"start":{"line":76,"column":95},"end":{"line":81,"column":5}}},"4":{"name":"(anonymous_5)","decl":{"start":{"line":86,"column":4},"end":{"line":86,"column":10}},"loc":{"start":{"line":86,"column":80},"end":{"line":93,"column":5}}},"5":{"name":"(anonymous_6)","decl":{"start":{"line":98,"column":4},"end":{"line":98,"column":10}},"loc":{"start":{"line":98,"column":69},"end":{"line":106,"column":5}}},"6":{"name":"(anonymous_7)","decl":{"start":{"line":111,"column":4},"end":{"line":111,"column":10}},"loc":{"start":{"line":111,"column":125},"end":{"line":120,"column":5}}}},"branchMap":{"0":{"loc":{"start":{"line":6,"column":20},"end":{"line":6,"column":53}},"type":"binary-expr","locations":[{"start":{"line":6,"column":20},"end":{"line":6,"column":42}},{"start":{"line":6,"column":46},"end":{"line":6,"column":53}}]},"1":{"loc":{"start":{"line":6,"column":57},"end":{"line":6,"column":87}},"type":"binary-expr","locations":[{"start":{"line":6,"column":57},"end":{"line":6,"column":79}},{"start":{"line":6,"column":83},"end":{"line":6,"column":87}}]},"2":{"loc":{"start":{"line":9,"column":0},"end":{"line":12,"column":1}},"type":"if","locations":[{"start":{"line":9,"column":0},"end":{"line":12,"column":1}},{"start":{},"end":{}}]},"3":{"loc":{"start":{"line":27,"column":8},"end":{"line":27,"column":63}},"type":"default-arg","locations":[{"start":{"line":27,"column":57},"end":{"line":27,"column":63}}]},"4":{"loc":{"start":{"line":28,"column":8},"end":{"line":28,"column":29}},"type":"default-arg","locations":[{"start":{"line":28,"column":24},"end":{"line":28,"column":29}}]},"5":{"loc":{"start":{"line":29,"column":8},"end":{"line":29,"column":28}},"type":"default-arg","locations":[{"start":{"line":29,"column":26},"end":{"line":29,"column":28}}]},"6":{"loc":{"start":{"line":38,"column":8},"end":{"line":38,"column":75}},"type":"if","locations":[{"start":{"line":38,"column":8},"end":{"line":38,"column":75}},{"start":{},"end":{}}]},"7":{"loc":{"start":{"line":38,"column":12},"end":{"line":38,"column":66}},"type":"binary-expr","locations":[{"start":{"line":38,"column":12},"end":{"line":38,"column":43}},{"start":{"line":38,"column":47},"end":{"line":38,"column":66}}]},"8":{"loc":{"start":{"line":79,"column":21},"end":{"line":79,"column":63}},"type":"cond-expr","locations":[{"start":{"line":79,"column":45},"end":{"line":79,"column":54}},{"start":{"line":79,"column":57},"end":{"line":79,"column":63}}]}},"s":{"0":3,"1":3,"2":3,"3":3,"4":3,"5":0,"6":0,"7":0,"8":0,"9":0,"10":0,"11":0,"12":0,"13":0,"14":0,"15":0,"16":0,"17":0,"18":0,"19":0,"20":0,"21":0,"22":0,"23":0,"24":0,"25":0,"26":0,"27":0,"28":0,"29":3},"f":{"0":0,"1":0,"2":0,"3":0,"4":0,"5":0,"6":0},"b":{"0":[3,0],"1":[3,0],"2":[0,3],"3":[0],"4":[0],"5":[0],"6":[0,0],"7":[0,0],"8":[0,0]}}
,"/home/wakanda_forever/Desktop/AISHA/backend/src/services/PaymentService.ts": {"path":"/home/wakanda_forever/Desktop/AISHA/backend/src/services/PaymentService.ts","statementMap":{"0":{"start":{"line":1,"column":0},"end":{"line":1,"column":26}},"1":{"start":{"line":4,"column":12},"end":{"line":4,"column":80}},"2":{"start":{"line":5,"column":12},"end":{"line":5,"column":89}},"3":{"start":{"line":6,"column":12},"end":{"line":6,"column":66}},"4":{"start":{"line":7,"column":12},"end":{"line":7,"column":64}},"5":{"start":{"line":8,"column":12},"end":{"line":8,"column":106}},"6":{"start":{"line":9,"column":12},"end":{"line":11,"column":44}},"7":{"start":{"line":14,"column":21},"end":{"line":14,"column":97}},"8":{"start":{"line":15,"column":25},"end":{"line":17,"column":10}},"9":{"start":{"line":18,"column":8},"end":{"line":18,"column":42}},"10":{"start":{"line":22,"column":22},"end":{"line":22,"column":49}},"11":{"start":{"line":23,"column":26},"end":{"line":23,"column":86}},"12":{"start":{"line":24,"column":25},"end":{"line":24,"column":103}},"13":{"start":{"line":26,"column":25},"end":{"line":40,"column":10}},"14":{"start":{"line":42,"column":8},"end":{"line":42,"column":29}},"15":{"start":{"line":3,"column":0},"end":{"line":3,"column":13}}},"fnMap":{"0":{"name":"(anonymous_1)","decl":{"start":{"line":3,"column":0},"end":{"line":3,"column":13}},"loc":{"start":{"line":3,"column":0},"end":{"line":44,"column":1}}},"1":{"name":"(anonymous_2)","decl":{"start":{"line":13,"column":12},"end":{"line":13,"column":17}},"loc":{"start":{"line":13,"column":32},"end":{"line":19,"column":5}}},"2":{"name":"(anonymous_3)","decl":{"start":{"line":21,"column":4},"end":{"line":21,"column":9}},"loc":{"start":{"line":21,"column":129},"end":{"line":43,"column":5}}}},"branchMap":{"0":{"loc":{"start":{"line":4,"column":26},"end":{"line":4,"column":79}},"type":"binary-expr","locations":[{"start":{"line":4,"column":26},"end":{"line":4,"column":56}},{"start":{"line":4,"column":60},"end":{"line":4,"column":79}}]},"1":{"loc":{"start":{"line":5,"column":29},"end":{"line":5,"column":88}},"type":"binary-expr","locations":[{"start":{"line":5,"column":29},"end":{"line":5,"column":62}},{"start":{"line":5,"column":66},"end":{"line":5,"column":88}}]},"2":{"loc":{"start":{"line":6,"column":22},"end":{"line":6,"column":65}},"type":"binary-expr","locations":[{"start":{"line":6,"column":22},"end":{"line":6,"column":47}},{"start":{"line":6,"column":51},"end":{"line":6,"column":65}}]},"3":{"loc":{"start":{"line":7,"column":24},"end":{"line":7,"column":63}},"type":"binary-expr","locations":[{"start":{"line":7,"column":24},"end":{"line":7,"column":51}},{"start":{"line":7,"column":55},"end":{"line":7,"column":63}}]},"4":{"loc":{"start":{"line":8,"column":26},"end":{"line":8,"column":105}},"type":"binary-expr","locations":[{"start":{"line":8,"column":26},"end":{"line":8,"column":56}},{"start":{"line":8,"column":60},"end":{"line":8,"column":105}}]},"5":{"loc":{"start":{"line":9,"column":22},"end":{"line":11,"column":43}},"type":"cond-expr","locations":[{"start":{"line":10,"column":10},"end":{"line":10,"column":39}},{"start":{"line":11,"column":10},"end":{"line":11,"column":43}}]},"6":{"loc":{"start":{"line":21,"column":89},"end":{"line":21,"column":129}},"type":"default-arg","locations":[{"start":{"line":21,"column":115},"end":{"line":21,"column":129}}]}},"s":{"0":3,"1":3,"2":3,"3":3,"4":3,"5":3,"6":3,"7":0,"8":0,"9":0,"10":0,"11":0,"12":0,"13":0,"14":0,"15":3},"f":{"0":3,"1":0,"2":0},"b":{"0":[3,0],"1":[3,0],"2":[3,0],"3":[3,0],"4":[3,0],"5":[0,3],"6":[0]}}
,"/home/wakanda_forever/Desktop/AISHA/backend/src/services/RealtimeService.ts": {"path":"/home/wakanda_forever/Desktop/AISHA/backend/src/services/RealtimeService.ts","statementMap":{"0":{"start":{"line":1,"column":0},"end":{"line":1,"column":31}},"1":{"start":{"line":8,"column":8},"end":{"line":10,"column":9}},"2":{"start":{"line":9,"column":12},"end":{"line":9,"column":54}},"3":{"start":{"line":17,"column":8},"end":{"line":19,"column":9}},"4":{"start":{"line":18,"column":12},"end":{"line":18,"column":61}},"5":{"start":{"line":26,"column":8},"end":{"line":28,"column":9}},"6":{"start":{"line":27,"column":12},"end":{"line":27,"column":33}},"7":{"start":{"line":3,"column":0},"end":{"line":3,"column":13}}},"fnMap":{"0":{"name":"(anonymous_0)","decl":{"start":{"line":7,"column":4},"end":{"line":7,"column":10}},"loc":{"start":{"line":7,"column":62},"end":{"line":11,"column":5}}},"1":{"name":"(anonymous_1)","decl":{"start":{"line":16,"column":4},"end":{"line":16,"column":10}},"loc":{"start":{"line":16,"column":76},"end":{"line":20,"column":5}}},"2":{"name":"(anonymous_2)","decl":{"start":{"line":25,"column":4},"end":{"line":25,"column":10}},"loc":{"start":{"line":25,"column":45},"end":{"line":29,"column":5}}}},"branchMap":{"0":{"loc":{"start":{"line":8,"column":8},"end":{"line":10,"column":9}},"type":"if","locations":[{"start":{"line":8,"column":8},"end":{"line":10,"column":9}},{"start":{},"end":{}}]},"1":{"loc":{"start":{"line":17,"column":8},"end":{"line":19,"column":9}},"type":"if","locations":[{"start":{"line":17,"column":8},"end":{"line":19,"column":9}},{"start":{},"end":{}}]},"2":{"loc":{"start":{"line":26,"column":8},"end":{"line":28,"column":9}},"type":"if","locations":[{"start":{"line":26,"column":8},"end":{"line":28,"column":9}},{"start":{},"end":{}}]}},"s":{"0":3,"1":0,"2":0,"3":0,"4":0,"5":0,"6":0,"7":3},"f":{"0":0,"1":0,"2":0},"b":{"0":[0,0],"1":[0,0],"2":[0,0]}}
,"/home/wakanda_forever/Desktop/AISHA/backend/src/services/SignatureService.ts": {"path":"/home/wakanda_forever/Desktop/AISHA/backend/src/services/SignatureService.ts","statementMap":{"0":{"start":{"line":1,"column":0},"end":{"line":1,"column":28}},"1":{"start":{"line":10,"column":26},"end":{"line":10,"column":50}},"2":{"start":{"line":11,"column":21},"end":{"line":11,"column":75}},"3":{"start":{"line":14,"column":26},"end":{"line":16,"column":26}},"4":{"start":{"line":19,"column":8},"end":{"line":19,"column":94}},"5":{"start":{"line":3,"column":0},"end":{"line":3,"column":13}}},"fnMap":{"0":{"name":"(anonymous_1)","decl":{"start":{"line":9,"column":4},"end":{"line":9,"column":10}},"loc":{"start":{"line":9,"column":80},"end":{"line":20,"column":5}}}},"branchMap":{"0":{"loc":{"start":{"line":14,"column":54},"end":{"line":14,"column":111}},"type":"binary-expr","locations":[{"start":{"line":14,"column":54},"end":{"line":14,"column":82}},{"start":{"line":14,"column":86},"end":{"line":14,"column":111}}]}},"s":{"0":3,"1":0,"2":0,"3":0,"4":0,"5":3},"f":{"0":0},"b":{"0":[0,0]}}
}
