TN:
SF:src/app.ts
FN:63,(anonymous_1)
FN:112,(anonymous_2)
FN:120,(anonymous_3)
FN:124,(anonymous_4)
FN:133,(anonymous_5)
FN:140,(anonymous_6)
FNF:6
FNH:2
FNDA:0,(anonymous_1)
FNDA:1,(anonymous_2)
FNDA:0,(anonymous_3)
FNDA:0,(anonymous_4)
FNDA:1,(anonymous_5)
FNDA:0,(anonymous_6)
DA:1,3
DA:2,3
DA:3,3
DA:4,3
DA:5,3
DA:6,3
DA:7,3
DA:9,3
DA:11,3
DA:13,3
DA:14,3
DA:15,3
DA:16,3
DA:17,3
DA:18,3
DA:19,3
DA:20,3
DA:21,3
DA:22,3
DA:23,3
DA:24,3
DA:25,3
DA:26,3
DA:27,3
DA:28,3
DA:31,3
DA:32,3
DA:33,3
DA:34,3
DA:35,3
DA:36,3
DA:39,3
DA:41,3
DA:42,3
DA:43,3
DA:44,3
DA:45,3
DA:46,3
DA:47,3
DA:48,3
DA:49,3
DA:50,3
DA:51,3
DA:52,3
DA:53,3
DA:54,3
DA:55,3
DA:56,3
DA:57,3
DA:59,3
DA:60,3
DA:63,3
DA:64,0
DA:74,0
DA:75,0
DA:76,0
DA:78,0
DA:79,0
DA:80,0
DA:83,0
DA:84,0
DA:85,0
DA:88,0
DA:89,0
DA:90,0
DA:91,0
DA:93,0
DA:94,0
DA:95,0
DA:98,0
DA:99,0
DA:100,0
DA:101,0
DA:103,0
DA:104,0
DA:105,0
DA:108,0
DA:109,0
DA:112,3
DA:113,1
DA:120,3
DA:121,0
DA:124,3
DA:125,0
DA:126,0
DA:127,0
DA:129,0
DA:133,3
DA:134,1
DA:140,3
DA:141,0
DA:142,0
DA:149,3
LF:93
LH:60
BRDA:86,0,0,0
BRDA:86,0,1,0
BRDA:86,1,0,0
BRDA:86,1,1,0
BRDA:99,2,0,0
BRDA:99,2,1,0
BRDA:101,3,0,0
BRDA:101,3,1,0
BRDA:108,4,0,0
BRDA:108,4,1,0
BRDA:145,5,0,0
BRDA:145,5,1,0
BRF:12
BRH:0
end_of_record
TN:
SF:src/server.ts
FN:25,(anonymous_1)
FN:28,(anonymous_2)
FN:33,(anonymous_3)
FN:38,(anonymous_4)
FN:45,(anonymous_5)
FN:55,(anonymous_6)
FNF:6
FNH:0
FNDA:0,(anonymous_1)
FNDA:0,(anonymous_2)
FNDA:0,(anonymous_3)
FNDA:0,(anonymous_4)
FNDA:0,(anonymous_5)
FNDA:0,(anonymous_6)
DA:2,3
DA:3,3
DA:4,3
DA:5,3
DA:7,3
DA:8,3
DA:10,3
DA:12,3
DA:15,3
DA:18,3
DA:25,3
DA:26,0
DA:28,0
DA:29,0
DA:30,0
DA:33,0
DA:34,0
DA:35,0
DA:38,0
DA:39,0
DA:44,3
DA:45,0
DA:46,0
DA:53,0
DA:54,0
DA:55,0
DA:56,0
DA:61,3
LF:28
LH:13
BRDA:12,0,0,3
BRDA:12,0,1,0
BRDA:44,1,0,0
BRDA:44,1,1,3
BRF:4
BRH:2
end_of_record
TN:
SF:src/config/database.ts
FN:14,(anonymous_1)
FN:19,(anonymous_2)
FN:20,(anonymous_3)
FNF:3
FNH:0
FNDA:0,(anonymous_1)
FNDA:0,(anonymous_2)
FNDA:0,(anonymous_3)
DA:1,6
DA:2,6
DA:4,6
DA:6,6
DA:14,6
DA:15,0
DA:16,0
DA:19,6
DA:20,6
DA:22,6
LF:10
LH:8
BRDA:7,0,0,6
BRDA:7,0,1,0
BRDA:8,1,0,6
BRDA:8,1,1,0
BRDA:9,2,0,6
BRDA:9,2,1,0
BRDA:10,3,0,6
BRDA:10,3,1,0
BRDA:11,4,0,6
BRDA:11,4,1,0
BRF:10
BRH:5
end_of_record
TN:
SF:src/controllers/AIController.ts
FN:9,(anonymous_1)
FN:48,(anonymous_2)
FN:70,(anonymous_3)
FNF:3
FNH:0
FNDA:0,(anonymous_1)
FNDA:0,(anonymous_2)
FNDA:0,(anonymous_3)
DA:2,3
DA:3,3
DA:5,3
DA:10,0
DA:11,0
DA:13,0
DA:14,0
DA:17,0
DA:19,0
DA:25,0
DA:28,0
DA:29,0
DA:35,0
DA:40,0
DA:41,0
DA:49,0
DA:51,0
DA:52,0
DA:57,0
DA:62,0
DA:63,0
DA:71,0
DA:73,0
DA:74,0
DA:75,0
DA:77,0
DA:78,0
LF:27
LH:3
BRDA:13,0,0,0
BRDA:13,0,1,0
BRDA:25,1,0,0
BRDA:25,1,1,0
BRDA:28,2,0,0
BRDA:28,2,1,0
BRDA:28,3,0,0
BRDA:28,3,1,0
BRF:8
BRH:0
end_of_record
TN:
SF:src/controllers/AdminController.ts
FN:7,(anonymous_1)
FN:15,(anonymous_2)
FN:36,(anonymous_3)
FN:62,(anonymous_4)
FN:84,(anonymous_5)
FN:102,(anonymous_6)
FN:123,(anonymous_7)
FN:146,(anonymous_8)
FN:162,(anonymous_9)
FN:182,(anonymous_10)
FN:185,(anonymous_11)
FN:202,(anonymous_12)
FNF:12
FNH:1
FNDA:6,(anonymous_1)
FNDA:0,(anonymous_2)
FNDA:0,(anonymous_3)
FNDA:0,(anonymous_4)
FNDA:0,(anonymous_5)
FNDA:0,(anonymous_6)
FNDA:0,(anonymous_7)
FNDA:0,(anonymous_8)
FNDA:0,(anonymous_9)
FNDA:0,(anonymous_10)
FNDA:0,(anonymous_11)
FNDA:0,(anonymous_12)
DA:2,3
DA:3,3
DA:4,3
DA:6,3
DA:8,6
DA:15,6
DA:16,0
DA:17,0
DA:23,0
DA:28,0
DA:36,6
DA:37,0
DA:38,0
DA:39,0
DA:44,0
DA:45,0
DA:48,0
DA:54,0
DA:62,6
DA:63,0
DA:64,0
DA:65,0
DA:71,0
DA:76,0
DA:84,6
DA:85,0
DA:86,0
DA:89,0
DA:94,0
DA:102,6
DA:103,0
DA:104,0
DA:105,0
DA:106,0
DA:110,0
DA:115,0
DA:123,6
DA:124,0
DA:125,0
DA:126,0
DA:133,0
DA:138,0
DA:146,6
DA:147,0
DA:148,0
DA:149,0
DA:154,0
DA:162,6
DA:163,0
DA:164,0
DA:165,0
DA:169,0
DA:174,0
DA:182,6
DA:183,0
DA:184,0
DA:185,0
DA:186,0
DA:187,0
DA:189,0
DA:194,0
DA:202,6
DA:203,0
DA:204,0
DA:205,0
DA:208,0
DA:212,0
DA:218,0
DA:219,0
DA:220,0
DA:221,0
DA:229,0
LF:72
LH:15
BRDA:44,0,0,0
BRDA:44,0,1,0
BRDA:69,1,0,0
BRDA:69,1,1,0
BRDA:131,2,0,0
BRDA:131,2,1,0
BRDA:205,3,0,0
BRDA:205,3,1,0
BRDA:220,4,0,0
BRDA:220,4,1,0
BRF:10
BRH:0
end_of_record
TN:
SF:src/controllers/ApplicationController.ts
FN:8,(anonymous_1)
FN:13,(anonymous_2)
FN:65,(anonymous_3)
FN:96,(anonymous_4)
FN:128,(anonymous_5)
FN:148,(anonymous_6)
FN:230,(anonymous_7)
FNF:7
FNH:1
FNDA:3,(anonymous_1)
FNDA:0,(anonymous_2)
FNDA:0,(anonymous_3)
FNDA:0,(anonymous_4)
FNDA:0,(anonymous_5)
FNDA:0,(anonymous_6)
FNDA:0,(anonymous_7)
DA:2,3
DA:3,3
DA:4,3
DA:5,3
DA:7,3
DA:9,3
DA:13,3
DA:14,0
DA:15,0
DA:16,0
DA:19,0
DA:20,0
DA:21,0
DA:24,0
DA:29,0
DA:30,0
DA:35,0
DA:40,0
DA:43,0
DA:44,0
DA:47,0
DA:48,0
DA:49,0
DA:50,0
DA:53,0
DA:60,0
DA:65,3
DA:66,0
DA:67,0
DA:70,0
DA:71,0
DA:72,0
DA:74,0
DA:82,0
DA:84,0
DA:91,0
DA:96,3
DA:97,0
DA:98,0
DA:99,0
DA:103,0
DA:104,0
DA:105,0
DA:108,0
DA:109,0
DA:111,0
DA:114,0
DA:121,0
DA:123,0
DA:126,0
DA:127,0
DA:128,0
DA:129,0
DA:130,0
DA:136,0
DA:143,0
DA:148,3
DA:149,0
DA:150,0
DA:151,0
DA:153,0
DA:154,0
DA:158,0
DA:165,0
DA:166,0
DA:168,0
DA:175,0
DA:176,0
DA:184,0
DA:186,0
DA:188,0
DA:189,0
DA:192,0
DA:193,0
DA:196,0
DA:205,0
DA:206,0
DA:207,0
DA:216,0
DA:217,0
DA:218,0
DA:221,0
DA:226,0
DA:230,3
DA:231,0
DA:232,0
DA:233,0
DA:234,0
DA:236,0
DA:237,0
DA:241,0
DA:249,0
DA:251,0
DA:252,0
DA:255,0
DA:256,0
DA:257,0
DA:261,0
DA:262,0
DA:263,0
DA:266,0
DA:267,0
DA:268,0
DA:270,0
DA:272,0
DA:278,0
DA:279,0
DA:280,0
DA:281,0
DA:283,0
DA:292,0
DA:296,0
DA:298,0
DA:299,0
DA:300,0
DA:309,0
DA:312,0
DA:313,0
DA:315,0
DA:316,0
DA:318,0
DA:321,0
DA:322,0
DA:323,0
DA:324,0
DA:334,0
DA:335,0
DA:340,0
DA:345,0
DA:346,0
DA:348,0
DA:351,0
LF:132
LH:11
BRDA:20,0,0,0
BRDA:20,0,1,0
BRDA:29,1,0,0
BRDA:29,1,1,0
BRDA:48,2,0,0
BRDA:48,2,1,0
BRDA:71,3,0,0
BRDA:71,3,1,0
BRDA:104,4,0,0
BRDA:104,4,1,0
BRDA:109,5,0,0
BRDA:109,5,1,0
BRDA:111,6,0,0
BRDA:111,6,1,0
BRDA:126,7,0,0
BRDA:126,7,1,0
BRDA:129,8,0,0
BRDA:129,8,1,0
BRDA:153,9,0,0
BRDA:153,9,1,0
BRDA:166,10,0,0
BRDA:166,10,1,0
BRDA:175,11,0,0
BRDA:175,11,1,0
BRDA:186,12,0,0
BRDA:186,12,1,0
BRDA:206,13,0,0
BRDA:206,13,1,0
BRDA:211,14,0,0
BRDA:211,14,1,0
BRDA:211,15,0,0
BRDA:211,15,1,0
BRDA:217,16,0,0
BRDA:217,16,1,0
BRDA:218,17,0,0
BRDA:218,17,1,0
BRDA:236,18,0,0
BRDA:236,18,1,0
BRDA:251,19,0,0
BRDA:251,19,1,0
BRDA:256,20,0,0
BRDA:256,20,1,0
BRDA:270,21,0,0
BRDA:270,21,1,0
BRDA:278,22,0,0
BRDA:278,22,1,0
BRDA:298,23,0,0
BRDA:298,23,1,0
BRDA:298,24,0,0
BRDA:298,24,1,0
BRDA:315,25,0,0
BRDA:315,25,1,0
BRDA:316,26,0,0
BRDA:316,26,1,0
BRDA:318,27,0,0
BRDA:318,27,1,0
BRDA:322,28,0,0
BRDA:322,28,1,0
BRDA:334,29,0,0
BRDA:334,29,1,0
BRF:60
BRH:0
end_of_record
TN:
SF:src/controllers/AssessmentController.ts
FN:7,(anonymous_1)
FN:11,(anonymous_2)
FN:55,(anonymous_3)
FN:117,(anonymous_4)
FNF:4
FNH:1
FNDA:3,(anonymous_1)
FNDA:0,(anonymous_2)
FNDA:0,(anonymous_3)
FNDA:0,(anonymous_4)
DA:2,3
DA:3,3
DA:4,3
DA:6,3
DA:8,3
DA:11,3
DA:12,0
DA:13,0
DA:14,0
DA:17,0
DA:18,0
DA:19,0
DA:22,0
DA:30,0
DA:31,0
DA:33,0
DA:39,0
DA:42,0
DA:51,0
DA:52,0
DA:55,3
DA:57,0
DA:58,0
DA:59,0
DA:60,0
DA:62,0
DA:63,0
DA:67,0
DA:68,0
DA:69,0
DA:71,0
DA:80,0
DA:81,0
DA:83,0
DA:90,0
DA:93,0
DA:103,0
DA:104,0
DA:105,0
DA:113,0
DA:114,0
DA:117,3
DA:118,0
DA:119,0
DA:120,0
DA:122,0
DA:130,0
DA:132,0
DA:133,0
DA:134,0
DA:135,0
DA:136,0
DA:137,0
DA:139,0
DA:142,0
DA:144,0
DA:145,0
DA:146,0
LF:58
LH:8
BRDA:18,0,0,0
BRDA:18,0,1,0
BRDA:30,1,0,0
BRDA:30,1,1,0
BRDA:62,2,0,0
BRDA:62,2,1,0
BRDA:68,3,0,0
BRDA:68,3,1,0
BRDA:80,4,0,0
BRDA:80,4,1,0
BRDA:88,5,0,0
BRDA:88,5,1,0
BRDA:97,6,0,0
BRDA:97,6,1,0
BRDA:97,7,0,0
BRDA:97,7,1,0
BRDA:103,8,0,0
BRDA:103,8,1,0
BRDA:132,9,0,0
BRDA:132,9,1,0
BRDA:134,10,0,0
BRDA:134,10,1,0
BRDA:136,11,0,0
BRDA:136,11,1,0
BRF:24
BRH:0
end_of_record
TN:
SF:src/controllers/AuthController.ts
FN:11,(anonymous_1)
FN:18,(anonymous_2)
FN:106,(anonymous_3)
FN:162,(anonymous_4)
FN:205,(anonymous_5)
FN:232,(anonymous_6)
FN:270,(anonymous_7)
FN:303,(anonymous_8)
FN:314,(anonymous_9)
FNF:9
FNH:1
FNDA:3,(anonymous_1)
FNDA:0,(anonymous_2)
FNDA:0,(anonymous_3)
FNDA:0,(anonymous_4)
FNDA:0,(anonymous_5)
FNDA:0,(anonymous_6)
FNDA:0,(anonymous_7)
FNDA:0,(anonymous_8)
FNDA:0,(anonymous_9)
DA:2,3
DA:3,3
DA:4,3
DA:5,3
DA:6,3
DA:7,3
DA:8,3
DA:10,3
DA:12,3
DA:18,3
DA:19,0
DA:21,0
DA:23,0
DA:35,0
DA:37,0
DA:38,0
DA:44,0
DA:47,0
DA:48,0
DA:54,0
DA:55,0
DA:62,0
DA:63,0
DA:64,0
DA:68,0
DA:81,0
DA:84,0
DA:98,0
DA:99,0
DA:106,3
DA:107,0
DA:112,0
DA:114,0
DA:116,0
DA:117,0
DA:118,0
DA:119,0
DA:123,0
DA:124,0
DA:127,0
DA:130,0
DA:136,0
DA:137,0
DA:140,0
DA:141,0
DA:142,0
DA:143,0
DA:147,0
DA:150,0
DA:151,0
DA:152,0
DA:153,0
DA:156,0
DA:161,0
DA:162,0
DA:163,0
DA:164,0
DA:165,0
DA:166,0
DA:169,0
DA:176,0
DA:177,0
DA:178,0
DA:179,0
DA:180,0
DA:182,0
DA:183,0
DA:186,0
DA:197,0
DA:198,0
DA:205,3
DA:206,0
DA:208,0
DA:209,0
DA:210,0
DA:212,0
DA:213,0
DA:216,0
DA:217,0
DA:219,0
DA:224,0
DA:225,0
DA:232,3
DA:233,0
DA:235,0
DA:236,0
DA:237,0
DA:239,0
DA:241,0
DA:247,0
DA:248,0
DA:250,0
DA:255,0
DA:257,0
DA:262,0
DA:263,0
DA:270,3
DA:271,0
DA:273,0
DA:274,0
DA:275,0
DA:277,0
DA:278,0
DA:281,0
DA:282,0
DA:283,0
DA:285,0
DA:290,0
DA:295,0
DA:296,0
DA:303,3
DA:305,0
DA:314,3
DA:315,0
DA:316,0
DA:318,0
DA:319,0
DA:320,0
DA:322,0
DA:323,0
DA:324,0
DA:325,0
DA:328,0
DA:329,0
DA:330,0
DA:333,0
DA:334,0
DA:337,0
DA:340,0
DA:345,0
DA:346,0
DA:347,0
DA:350,0
DA:352,0
DA:354,0
DA:360,0
DA:361,0
DA:362,0
DA:364,0
LF:139
LH:16
BRDA:37,0,0,0
BRDA:37,0,1,0
BRDA:47,1,0,0
BRDA:47,1,1,0
BRDA:54,2,0,0
BRDA:54,2,1,0
BRDA:63,3,0,0
BRDA:63,3,1,0
BRDA:76,4,0,0
BRDA:76,4,1,0
BRDA:118,5,0,0
BRDA:118,5,1,0
BRDA:140,6,0,0
BRDA:140,6,1,0
BRDA:140,7,0,0
BRDA:140,7,1,0
BRDA:140,7,2,0
BRDA:142,8,0,0
BRDA:142,8,1,0
BRDA:147,9,0,0
BRDA:147,9,1,0
BRDA:150,10,0,0
BRDA:150,10,1,0
BRDA:158,11,0,0
BRDA:158,11,1,0
BRDA:158,12,0,0
BRDA:158,12,1,0
BRDA:161,13,0,0
BRDA:161,13,1,0
BRDA:161,14,0,0
BRDA:161,14,1,0
BRDA:165,15,0,0
BRDA:165,15,1,0
BRDA:188,16,0,0
BRDA:188,16,1,0
BRDA:212,17,0,0
BRDA:212,17,1,0
BRDA:239,18,0,0
BRDA:239,18,1,0
BRDA:277,19,0,0
BRDA:277,19,1,0
BRDA:322,20,0,0
BRDA:322,20,1,0
BRDA:324,21,0,0
BRDA:324,21,1,0
BRF:45
BRH:0
end_of_record
TN:
SF:src/controllers/AutomationController.ts
FN:6,(anonymous_1)
FN:17,(anonymous_2)
FN:44,(anonymous_3)
FNF:3
FNH:1
FNDA:3,(anonymous_1)
FNDA:0,(anonymous_2)
FNDA:0,(anonymous_3)
DA:2,3
DA:3,3
DA:5,3
DA:7,3
DA:17,3
DA:18,0
DA:19,0
DA:22,0
DA:23,0
DA:24,0
DA:26,0
DA:27,0
DA:29,0
DA:37,0
DA:44,3
DA:45,0
DA:46,0
DA:47,0
DA:49,0
DA:54,0
DA:56,0
DA:62,0
LF:22
LH:6
BRDA:23,0,0,0
BRDA:23,0,1,0
BRDA:54,1,0,0
BRDA:54,1,1,0
BRF:4
BRH:0
end_of_record
TN:
SF:src/controllers/BaseController.ts
FN:7,(anonymous_1)
FN:11,(anonymous_2)
FN:24,(anonymous_3)
FNF:3
FNH:1
FNDA:51,(anonymous_1)
FNDA:0,(anonymous_2)
FNDA:0,(anonymous_3)
DA:2,3
DA:4,3
DA:8,51
DA:11,51
DA:12,0
DA:13,0
DA:14,0
DA:20,0
DA:24,51
DA:25,0
DA:26,0
DA:27,0
DA:29,0
DA:30,0
DA:36,0
DA:41,0
LF:16
LH:5
BRDA:29,0,0,0
BRDA:29,0,1,0
BRF:2
BRH:0
end_of_record
TN:
SF:src/controllers/CompanyController.ts
FN:6,(anonymous_1)
FN:10,(anonymous_2)
FN:43,(anonymous_3)
FN:47,(anonymous_4)
FN:89,(anonymous_5)
FN:97,(anonymous_6)
FN:109,(anonymous_7)
FN:118,(anonymous_8)
FN:131,(anonymous_9)
FN:144,(anonymous_10)
FN:152,(anonymous_11)
FNF:11
FNH:1
FNDA:3,(anonymous_1)
FNDA:0,(anonymous_2)
FNDA:0,(anonymous_3)
FNDA:0,(anonymous_4)
FNDA:0,(anonymous_5)
FNDA:0,(anonymous_6)
FNDA:0,(anonymous_7)
FNDA:0,(anonymous_8)
FNDA:0,(anonymous_9)
FNDA:0,(anonymous_10)
FNDA:0,(anonymous_11)
DA:2,3
DA:3,3
DA:5,3
DA:7,3
DA:10,3
DA:11,0
DA:12,0
DA:13,0
DA:14,0
DA:17,0
DA:24,0
DA:26,0
DA:27,0
DA:33,0
DA:39,0
DA:43,3
DA:47,3
DA:48,0
DA:49,0
DA:50,0
DA:51,0
DA:52,0
DA:54,0
DA:56,0
DA:62,0
DA:71,0
DA:72,0
DA:74,0
DA:84,0
DA:89,3
DA:90,0
DA:91,0
DA:92,0
DA:93,0
DA:94,0
DA:97,3
DA:98,0
DA:99,0
DA:100,0
DA:101,0
DA:105,0
DA:106,0
DA:109,3
DA:110,0
DA:111,0
DA:112,0
DA:113,0
DA:114,0
DA:118,3
DA:119,0
DA:120,0
DA:121,0
DA:127,0
DA:128,0
DA:131,3
DA:132,0
DA:133,0
DA:134,0
DA:135,0
DA:140,0
DA:141,0
DA:144,3
DA:145,0
DA:146,0
DA:147,0
DA:148,0
DA:149,0
DA:153,0
DA:154,0
DA:155,0
DA:156,0
LF:71
LH:13
BRDA:13,0,0,0
BRDA:13,0,1,0
BRDA:26,1,0,0
BRDA:26,1,1,0
BRDA:51,2,0,0
BRDA:51,2,1,0
BRDA:72,3,0,0
BRDA:72,3,1,0
BRDA:79,4,0,0
BRDA:79,4,1,0
BRDA:80,5,0,0
BRDA:80,5,1,0
BRDA:138,6,0,0
BRDA:138,6,1,0
BRDA:155,7,0,0
BRDA:155,7,1,0
BRF:16
BRH:0
end_of_record
TN:
SF:src/controllers/DepartmentController.ts
FN:7,(anonymous_1)
FN:14,(anonymous_2)
FN:58,(anonymous_3)
FN:86,(anonymous_4)
FN:108,(anonymous_5)
FN:171,(anonymous_6)
FN:198,(anonymous_7)
FNF:7
FNH:1
FNDA:6,(anonymous_1)
FNDA:0,(anonymous_2)
FNDA:0,(anonymous_3)
FNDA:0,(anonymous_4)
FNDA:0,(anonymous_5)
FNDA:0,(anonymous_6)
FNDA:0,(anonymous_7)
DA:2,3
DA:3,3
DA:4,3
DA:6,3
DA:8,6
DA:14,6
DA:15,0
DA:16,0
DA:17,0
DA:19,0
DA:22,0
DA:23,0
DA:25,0
DA:31,0
DA:34,0
DA:40,0
DA:42,0
DA:48,0
DA:49,0
DA:51,0
DA:58,6
DA:59,0
DA:60,0
DA:62,0
DA:73,0
DA:79,0
DA:86,6
DA:87,0
DA:88,0
DA:89,0
DA:91,0
DA:96,0
DA:101,0
DA:108,6
DA:109,0
DA:110,0
DA:111,0
DA:112,0
DA:114,0
DA:117,0
DA:118,0
DA:119,0
DA:123,0
DA:124,0
DA:127,0
DA:130,0
DA:131,0
DA:132,0
DA:137,0
DA:142,0
DA:146,0
DA:153,0
DA:155,0
DA:161,0
DA:162,0
DA:164,0
DA:171,6
DA:172,0
DA:173,0
DA:174,0
DA:177,0
DA:178,0
DA:179,0
DA:182,0
DA:184,0
DA:186,0
DA:191,0
DA:198,6
DA:199,0
DA:200,0
DA:201,0
DA:207,0
LF:72
LH:11
BRDA:60,0,0,0
BRDA:60,0,1,0
BRDA:118,1,0,0
BRDA:118,1,1,0
BRDA:130,2,0,0
BRDA:130,2,1,0
BRDA:178,3,0,0
BRDA:178,3,1,0
BRDA:178,4,0,0
BRDA:178,4,1,0
BRDA:188,5,0,0
BRDA:188,5,1,0
BRF:12
BRH:0
end_of_record
TN:
SF:src/controllers/DocumentController.ts
FN:10,(anonymous_1)
FN:41,(anonymous_2)
FN:63,(anonymous_3)
FN:83,(anonymous_4)
FN:94,(anonymous_5)
FN:137,(anonymous_6)
FN:153,(anonymous_7)
FN:157,(anonymous_8)
FN:161,(anonymous_9)
FN:189,(anonymous_10)
FN:202,(anonymous_11)
FN:228,(anonymous_12)
FNF:12
FNH:0
FNDA:0,(anonymous_1)
FNDA:0,(anonymous_2)
FNDA:0,(anonymous_3)
FNDA:0,(anonymous_4)
FNDA:0,(anonymous_5)
FNDA:0,(anonymous_6)
FNDA:0,(anonymous_7)
FNDA:0,(anonymous_8)
FNDA:0,(anonymous_9)
FNDA:0,(anonymous_10)
FNDA:0,(anonymous_11)
FNDA:0,(anonymous_12)
DA:2,3
DA:3,3
DA:6,3
DA:11,0
DA:12,0
DA:13,0
DA:14,0
DA:17,0
DA:22,0
DA:23,0
DA:26,0
DA:27,0
DA:29,0
DA:35,0
DA:37,0
DA:42,0
DA:43,0
DA:44,0
DA:46,0
DA:53,0
DA:54,0
DA:57,0
DA:59,0
DA:64,0
DA:65,0
DA:67,0
DA:72,0
DA:74,0
DA:76,0
DA:84,0
DA:85,0
DA:86,0
DA:87,0
DA:89,0
DA:90,0
DA:96,0
DA:105,0
DA:106,0
DA:109,0
DA:112,0
DA:120,0
DA:134,0
DA:138,0
DA:139,0
DA:140,0
DA:146,0
DA:148,0
DA:154,0
DA:158,0
DA:162,0
DA:163,0
DA:164,0
DA:165,0
DA:167,0
DA:168,0
DA:171,0
DA:173,0
DA:180,0
DA:181,0
DA:183,0
DA:185,0
DA:190,0
DA:191,0
DA:192,0
DA:196,0
DA:198,0
DA:203,0
DA:204,0
DA:207,0
DA:212,0
DA:213,0
DA:216,0
DA:217,0
DA:222,0
DA:224,0
DA:230,0
DA:231,0
DA:232,0
DA:233,0
DA:234,0
DA:235,0
DA:237,0
LF:82
LH:3
BRDA:22,0,0,0
BRDA:22,0,1,0
BRDA:27,1,0,0
BRDA:27,1,1,0
BRDA:32,2,0,0
BRDA:32,2,1,0
BRDA:53,3,0,0
BRDA:53,3,1,0
BRDA:105,4,0,0
BRDA:105,4,1,0
BRDA:167,5,0,0
BRDA:167,5,1,0
BRDA:176,6,0,0
BRDA:176,6,1,0
BRDA:212,7,0,0
BRDA:212,7,1,0
BRF:16
BRH:0
end_of_record
TN:
SF:src/controllers/InstitutionPortalController.ts
FN:6,(anonymous_1)
FN:14,(anonymous_2)
FN:70,(anonymous_3)
FN:100,(anonymous_4)
FN:151,(anonymous_5)
FN:197,(anonymous_6)
FN:236,(anonymous_7)
FNF:7
FNH:2
FNDA:3,(anonymous_1)
FNDA:0,(anonymous_2)
FNDA:1,(anonymous_3)
FNDA:0,(anonymous_4)
FNDA:0,(anonymous_5)
FNDA:0,(anonymous_6)
FNDA:0,(anonymous_7)
DA:2,3
DA:3,3
DA:5,3
DA:7,3
DA:14,3
DA:15,0
DA:16,0
DA:19,0
DA:20,0
DA:22,0
DA:25,0
DA:26,0
DA:28,0
DA:37,0
DA:40,0
DA:48,0
DA:63,0
DA:70,3
DA:71,1
DA:72,1
DA:75,1
DA:76,1
DA:78,1
DA:79,0
DA:83,1
DA:84,1
DA:86,1
DA:93,0
DA:100,3
DA:101,0
DA:102,0
DA:103,0
DA:104,0
DA:107,0
DA:108,0
DA:109,0
DA:111,0
DA:112,0
DA:113,0
DA:114,0
DA:118,0
DA:137,0
DA:139,0
DA:144,0
DA:151,3
DA:152,0
DA:153,0
DA:154,0
DA:155,0
DA:156,0
DA:158,0
DA:161,0
DA:162,0
DA:171,0
DA:172,0
DA:179,0
DA:181,0
DA:187,0
DA:188,0
DA:190,0
DA:197,3
DA:198,0
DA:199,0
DA:201,0
DA:202,0
DA:204,0
DA:222,0
DA:224,0
DA:229,0
DA:236,3
DA:237,0
DA:238,0
DA:240,0
DA:241,0
DA:243,0
DA:261,0
DA:263,0
DA:268,0
LF:78
LH:18
BRDA:16,0,0,0
BRDA:16,0,1,0
BRDA:20,1,0,0
BRDA:20,1,1,0
BRDA:30,2,0,0
BRDA:30,2,1,0
BRDA:31,3,0,0
BRDA:31,3,1,0
BRDA:32,4,0,0
BRDA:32,4,1,0
BRDA:33,5,0,0
BRDA:33,5,1,0
BRDA:37,6,0,0
BRDA:37,6,1,0
BRDA:45,7,0,0
BRDA:45,7,1,0
BRDA:46,8,0,0
BRDA:46,8,1,0
BRDA:72,9,0,1
BRDA:72,9,1,0
BRDA:78,10,0,0
BRDA:78,10,1,1
BRDA:102,11,0,0
BRDA:102,11,1,0
BRDA:109,12,0,0
BRDA:109,12,1,0
BRDA:112,13,0,0
BRDA:112,13,1,0
BRDA:134,14,0,0
BRDA:134,14,1,0
BRDA:137,15,0,0
BRDA:137,15,1,0
BRDA:161,16,0,0
BRDA:161,16,1,0
BRDA:161,17,0,0
BRDA:161,17,1,0
BRDA:171,18,0,0
BRDA:171,18,1,0
BRDA:199,19,0,0
BRDA:199,19,1,0
BRDA:219,20,0,0
BRDA:219,20,1,0
BRDA:222,21,0,0
BRDA:222,21,1,0
BRDA:238,22,0,0
BRDA:238,22,1,0
BRDA:258,23,0,0
BRDA:258,23,1,0
BRDA:261,24,0,0
BRDA:261,24,1,0
BRF:50
BRH:2
end_of_record
TN:
SF:src/controllers/LearningController.ts
FN:6,(anonymous_1)
FN:11,(anonymous_2)
FN:25,(anonymous_3)
FNF:3
FNH:1
FNDA:3,(anonymous_1)
FNDA:0,(anonymous_2)
FNDA:0,(anonymous_3)
DA:2,3
DA:3,3
DA:5,3
DA:7,3
DA:11,3
DA:12,0
DA:13,0
DA:14,0
DA:20,0
DA:25,3
DA:26,0
DA:27,0
DA:30,0
DA:31,0
DA:33,0
DA:35,0
DA:37,0
DA:41,0
DA:47,0
DA:49,0
DA:57,0
LF:21
LH:6
BRDA:31,0,0,0
BRDA:31,0,1,0
BRDA:33,1,0,0
BRDA:33,1,1,0
BRDA:35,2,0,0
BRDA:35,2,1,0
BRDA:53,3,0,0
BRDA:53,3,1,0
BRF:8
BRH:0
end_of_record
TN:
SF:src/controllers/MessageController.ts
FN:6,(anonymous_0)
FN:10,(anonymous_1)
FN:35,(anonymous_2)
FN:55,(anonymous_3)
FN:72,(anonymous_4)
FNF:5
FNH:1
FNDA:3,(anonymous_0)
FNDA:0,(anonymous_1)
FNDA:0,(anonymous_2)
FNDA:0,(anonymous_3)
FNDA:0,(anonymous_4)
DA:2,3
DA:3,3
DA:5,3
DA:7,3
DA:10,3
DA:11,0
DA:12,0
DA:13,0
DA:15,0
DA:16,0
DA:19,0
DA:26,0
DA:31,0
DA:35,3
DA:36,0
DA:37,0
DA:38,0
DA:40,0
DA:46,0
DA:51,0
DA:55,3
DA:56,0
DA:57,0
DA:58,0
DA:63,0
DA:68,0
DA:72,3
DA:73,0
DA:74,0
DA:75,0
DA:77,0
DA:82,0
LF:32
LH:8
BRDA:15,0,0,0
BRDA:15,0,1,0
BRDA:15,1,0,0
BRDA:15,1,1,0
BRF:4
BRH:0
end_of_record
TN:
SF:src/controllers/NotificationController.ts
FN:6,(anonymous_1)
FN:10,(anonymous_2)
FN:29,(anonymous_3)
FNF:3
FNH:1
FNDA:3,(anonymous_1)
FNDA:0,(anonymous_2)
FNDA:0,(anonymous_3)
DA:2,3
DA:3,3
DA:5,3
DA:7,3
DA:10,3
DA:11,0
DA:12,0
DA:14,0
DA:19,0
DA:25,0
DA:29,3
DA:30,0
DA:31,0
DA:32,0
DA:34,0
DA:35,0
DA:37,0
DA:40,0
DA:43,0
LF:19
LH:6
BRDA:34,0,0,0
BRDA:34,0,1,0
BRF:2
BRH:0
end_of_record
TN:
SF:src/controllers/OpportunityController.ts
FN:6,(anonymous_1)
FN:11,(anonymous_2)
FN:38,(anonymous_3)
FN:89,(anonymous_4)
FN:113,(anonymous_5)
FNF:5
FNH:1
FNDA:3,(anonymous_1)
FNDA:0,(anonymous_2)
FNDA:0,(anonymous_3)
FNDA:0,(anonymous_4)
FNDA:0,(anonymous_5)
DA:2,3
DA:3,3
DA:5,3
DA:7,3
DA:11,3
DA:12,0
DA:13,0
DA:16,0
DA:17,0
DA:19,0
DA:21,0
DA:26,0
DA:28,0
DA:34,0
DA:38,3
DA:39,0
DA:40,0
DA:42,0
DA:43,0
DA:44,0
DA:53,0
DA:55,0
DA:68,0
DA:77,0
DA:79,0
DA:84,0
DA:89,3
DA:90,0
DA:92,0
DA:100,0
DA:102,0
DA:108,0
DA:113,3
DA:114,0
DA:115,0
DA:116,0
DA:118,0
DA:119,0
DA:122,0
DA:124,0
DA:129,0
DA:130,0
LF:42
LH:8
BRDA:17,0,0,0
BRDA:17,0,1,0
BRDA:43,1,0,0
BRDA:43,1,1,0
BRDA:72,2,0,0
BRDA:72,2,1,0
BRDA:74,3,0,0
BRDA:74,3,1,0
BRDA:74,4,0,0
BRDA:74,4,1,0
BRDA:116,5,0,0
BRDA:116,5,1,0
BRDA:119,6,0,0
BRDA:119,6,1,0
BRF:14
BRH:0
end_of_record
TN:
SF:src/controllers/PaymentController.ts
FN:9,(anonymous_1)
FN:15,(anonymous_2)
FN:70,(anonymous_3)
FN:87,(anonymous_4)
FN:109,(anonymous_5)
FNF:5
FNH:1
FNDA:3,(anonymous_1)
FNDA:0,(anonymous_2)
FNDA:0,(anonymous_3)
FNDA:0,(anonymous_4)
FNDA:0,(anonymous_5)
DA:2,3
DA:3,3
DA:4,3
DA:6,3
DA:10,3
DA:11,3
DA:15,3
DA:16,0
DA:17,0
DA:18,0
DA:20,0
DA:23,0
DA:24,0
DA:25,0
DA:28,0
DA:33,0
DA:34,0
DA:37,0
DA:39,0
DA:41,0
DA:42,0
DA:44,0
DA:47,0
DA:52,0
DA:60,0
DA:61,0
DA:65,0
DA:70,3
DA:71,0
DA:72,0
DA:74,0
DA:75,0
DA:78,0
DA:81,0
DA:84,0
DA:85,0
DA:86,0
DA:87,0
DA:88,0
DA:92,0
DA:101,0
DA:103,0
DA:105,0
DA:109,3
DA:110,0
DA:111,0
DA:114,0
DA:115,0
DA:116,0
DA:118,0
DA:123,0
DA:125,0
LF:52
LH:9
BRDA:20,0,0,0
BRDA:20,0,1,0
BRDA:24,1,0,0
BRDA:24,1,1,0
BRDA:33,2,0,0
BRDA:33,2,1,0
BRDA:39,3,0,0
BRDA:39,3,1,0
BRDA:41,4,0,0
BRDA:41,4,1,0
BRDA:42,5,0,0
BRDA:42,5,1,0
BRDA:74,6,0,0
BRDA:74,6,1,0
BRDA:74,7,0,0
BRDA:74,7,1,0
BRDA:81,8,0,0
BRDA:81,8,1,0
BRDA:85,9,0,0
BRDA:85,9,1,0
BRDA:85,10,0,0
BRDA:85,10,1,0
BRDA:88,11,0,0
BRDA:88,11,1,0
BRDA:115,12,0,0
BRDA:115,12,1,0
BRF:26
BRH:0
end_of_record
TN:
SF:src/controllers/PlacementController.ts
FN:7,(anonymous_1)
FN:12,(anonymous_2)
FN:45,(anonymous_3)
FN:78,(anonymous_4)
FN:117,(anonymous_5)
FN:161,(anonymous_6)
FN:182,(anonymous_7)
FN:200,(anonymous_8)
FN:247,(anonymous_9)
FN:289,(anonymous_10)
FN:330,(anonymous_11)
FN:350,(anonymous_12)
FN:368,(anonymous_13)
FNF:13
FNH:1
FNDA:3,(anonymous_1)
FNDA:0,(anonymous_2)
FNDA:0,(anonymous_3)
FNDA:0,(anonymous_4)
FNDA:0,(anonymous_5)
FNDA:0,(anonymous_6)
FNDA:0,(anonymous_7)
FNDA:0,(anonymous_8)
FNDA:0,(anonymous_9)
FNDA:0,(anonymous_10)
FNDA:0,(anonymous_11)
FNDA:0,(anonymous_12)
FNDA:0,(anonymous_13)
DA:3,3
DA:4,3
DA:6,3
DA:8,3
DA:12,3
DA:13,0
DA:14,0
DA:17,0
DA:18,0
DA:19,0
DA:21,0
DA:32,0
DA:34,0
DA:40,0
DA:45,3
DA:46,0
DA:47,0
DA:48,0
DA:49,0
DA:52,0
DA:57,0
DA:58,0
DA:60,0
DA:66,0
DA:68,0
DA:73,0
DA:78,3
DA:79,0
DA:80,0
DA:81,0
DA:84,0
DA:92,0
DA:93,0
DA:95,0
DA:96,0
DA:98,0
DA:104,0
DA:106,0
DA:112,0
DA:117,3
DA:118,0
DA:119,0
DA:120,0
DA:122,0
DA:127,0
DA:137,0
DA:138,0
DA:142,0
DA:143,0
DA:151,0
DA:156,0
DA:161,3
DA:162,0
DA:163,0
DA:164,0
DA:170,0
DA:172,0
DA:177,0
DA:182,3
DA:183,0
DA:184,0
DA:185,0
DA:192,0
DA:193,0
DA:195,0
DA:200,3
DA:201,0
DA:202,0
DA:203,0
DA:204,0
DA:206,0
DA:212,0
DA:214,0
DA:215,0
DA:216,0
DA:217,0
DA:218,0
DA:219,0
DA:222,0
DA:223,0
DA:224,0
DA:227,0
DA:228,0
DA:229,0
DA:232,0
DA:234,0
DA:236,0
DA:242,0
DA:247,3
DA:248,0
DA:249,0
DA:250,0
DA:253,0
DA:254,0
DA:255,0
DA:257,0
DA:264,0
DA:266,0
DA:271,0
DA:279,0
DA:284,0
DA:289,3
DA:290,0
DA:291,0
DA:292,0
DA:295,0
DA:304,0
DA:305,0
DA:307,0
DA:308,0
DA:311,0
DA:312,0
DA:313,0
DA:315,0
DA:316,0
DA:318,0
DA:321,0
DA:322,0
DA:323,0
DA:324,0
DA:325,0
DA:326,0
DA:327,0
DA:328,0
DA:330,0
DA:331,0
DA:332,0
DA:333,0
DA:334,0
DA:335,0
DA:336,0
DA:338,0
DA:339,0
DA:340,0
DA:343,0
DA:345,0
DA:350,3
DA:351,0
DA:352,0
DA:353,0
DA:360,0
DA:361,0
DA:363,0
DA:368,3
DA:369,0
DA:370,0
DA:371,0
DA:372,0
DA:375,0
DA:380,0
DA:381,0
DA:383,0
DA:392,0
DA:394,0
DA:399,0
LF:155
LH:15
BRDA:18,0,0,0
BRDA:18,0,1,0
BRDA:58,1,0,0
BRDA:58,1,1,0
BRDA:93,2,0,0
BRDA:93,2,1,0
BRDA:142,3,0,0
BRDA:142,3,1,0
BRDA:214,4,0,0
BRDA:214,4,1,0
BRDA:217,5,0,0
BRDA:217,5,1,0
BRDA:222,6,0,0
BRDA:222,6,1,0
BRDA:227,7,0,0
BRDA:227,7,1,0
BRDA:254,8,0,0
BRDA:254,8,1,0
BRDA:264,9,0,0
BRDA:264,9,1,0
BRDA:307,10,0,0
BRDA:307,10,1,0
BRDA:334,11,0,0
BRDA:334,11,1,0
BRDA:381,12,0,0
BRDA:381,12,1,0
BRF:26
BRH:0
end_of_record
TN:
SF:src/controllers/StudentController.ts
FN:7,(anonymous_1)
FN:24,(anonymous_2)
FN:58,(anonymous_3)
FN:128,(anonymous_4)
FN:146,(anonymous_5)
FN:161,(anonymous_6)
FN:182,(anonymous_7)
FN:195,(anonymous_8)
FN:225,(anonymous_9)
FN:271,(anonymous_10)
FN:272,(anonymous_11)
FN:276,(anonymous_12)
FN:284,(anonymous_13)
FN:303,(anonymous_14)
FN:329,(anonymous_15)
FN:367,(anonymous_16)
FN:390,(anonymous_17)
FN:428,(anonymous_18)
FN:445,(anonymous_19)
FN:460,(anonymous_20)
FN:482,(anonymous_21)
FN:526,(anonymous_22)
FN:556,(anonymous_23)
FNF:23
FNH:5
FNDA:3,(anonymous_1)
FNDA:1,(anonymous_2)
FNDA:1,(anonymous_3)
FNDA:0,(anonymous_4)
FNDA:0,(anonymous_5)
FNDA:0,(anonymous_6)
FNDA:0,(anonymous_7)
FNDA:0,(anonymous_8)
FNDA:1,(anonymous_9)
FNDA:2,(anonymous_10)
FNDA:0,(anonymous_11)
FNDA:0,(anonymous_12)
FNDA:0,(anonymous_13)
FNDA:0,(anonymous_14)
FNDA:0,(anonymous_15)
FNDA:0,(anonymous_16)
FNDA:0,(anonymous_17)
FNDA:0,(anonymous_18)
FNDA:0,(anonymous_19)
FNDA:0,(anonymous_20)
FNDA:0,(anonymous_21)
FNDA:0,(anonymous_22)
FNDA:0,(anonymous_23)
DA:2,3
DA:3,3
DA:4,3
DA:6,3
DA:8,3
DA:24,3
DA:25,1
DA:26,1
DA:27,1
DA:28,0
DA:31,1
DA:39,1
DA:41,1
DA:42,0
DA:48,1
DA:54,0
DA:58,3
DA:59,1
DA:60,1
DA:65,1
DA:68,1
DA:69,1
DA:73,1
DA:75,0
DA:76,0
DA:82,0
DA:91,0
DA:96,0
DA:100,1
DA:117,1
DA:122,1
DA:126,1
DA:127,1
DA:128,1
DA:132,1
DA:133,0
DA:135,0
DA:136,0
DA:138,0
DA:139,0
DA:144,0
DA:145,0
DA:146,0
DA:151,1
DA:157,0
DA:161,3
DA:162,0
DA:163,0
DA:164,0
DA:166,0
DA:167,0
DA:171,0
DA:172,0
DA:173,0
DA:174,0
DA:177,0
DA:178,0
DA:181,0
DA:182,0
DA:184,0
DA:191,0
DA:195,3
DA:196,0
DA:197,0
DA:198,0
DA:200,0
DA:201,0
DA:205,0
DA:206,0
DA:207,0
DA:208,0
DA:211,0
DA:212,0
DA:214,0
DA:221,0
DA:225,3
DA:226,1
DA:227,1
DA:230,1
DA:235,1
DA:237,1
DA:238,1
DA:241,1
DA:268,1
DA:271,1
DA:272,2
DA:273,0
DA:275,2
DA:276,2
DA:277,2
DA:284,1
DA:290,1
DA:291,1
DA:294,1
DA:303,0
DA:325,0
DA:329,3
DA:330,0
DA:331,0
DA:332,0
DA:333,0
DA:334,0
DA:337,0
DA:339,0
DA:340,0
DA:347,0
DA:356,0
DA:358,0
DA:363,0
DA:367,3
DA:368,0
DA:369,0
DA:372,0
DA:379,0
DA:381,0
DA:386,0
DA:390,3
DA:391,0
DA:392,0
DA:393,0
DA:394,0
DA:396,0
DA:399,0
DA:401,0
DA:402,0
DA:409,0
DA:417,0
DA:419,0
DA:424,0
DA:428,3
DA:429,0
DA:430,0
DA:431,0
DA:432,0
DA:433,0
DA:435,0
DA:436,0
DA:441,0
DA:445,3
DA:446,0
DA:447,0
DA:448,0
DA:450,0
DA:451,0
DA:456,0
DA:460,3
DA:461,0
DA:462,0
DA:463,0
DA:464,0
DA:465,0
DA:467,0
DA:473,0
DA:478,0
DA:482,3
DA:483,0
DA:484,0
DA:485,0
DA:494,0
DA:496,0
DA:497,0
DA:499,0
DA:505,0
DA:506,0
DA:508,0
DA:522,0
DA:526,3
DA:527,0
DA:528,0
DA:529,0
DA:530,0
DA:532,0
DA:533,0
DA:535,0
DA:541,0
DA:542,0
DA:544,0
DA:546,0
DA:548,0
DA:549,0
DA:550,0
DA:552,0
DA:556,3
DA:557,0
DA:558,0
DA:559,0
DA:561,0
DA:562,0
DA:566,0
DA:574,0
DA:575,0
DA:578,0
DA:580,0
DA:581,0
DA:585,0
DA:588,0
DA:589,0
DA:591,0
DA:592,0
DA:599,0
DA:607,0
DA:614,0
LF:202
LH:57
BRDA:27,0,0,0
BRDA:27,0,1,1
BRDA:41,1,0,0
BRDA:41,1,1,1
BRDA:73,2,0,0
BRDA:73,2,1,1
BRDA:75,3,0,0
BRDA:75,3,1,0
BRDA:75,4,0,0
BRDA:75,4,1,0
BRDA:75,4,2,0
BRDA:126,5,0,1
BRDA:126,5,1,0
BRDA:126,6,0,1
BRDA:126,6,1,0
BRDA:126,6,2,0
BRDA:126,6,3,0
BRDA:126,6,4,0
BRDA:132,7,0,0
BRDA:132,7,1,1
BRDA:132,8,0,1
BRDA:132,8,1,1
BRDA:138,9,0,0
BRDA:138,9,1,0
BRDA:144,10,0,0
BRDA:144,10,1,0
BRDA:166,11,0,0
BRDA:166,11,1,0
BRDA:172,12,0,0
BRDA:172,12,1,0
BRDA:200,13,0,0
BRDA:200,13,1,0
BRDA:206,14,0,0
BRDA:206,14,1,0
BRDA:235,15,0,0
BRDA:235,15,1,1
BRDA:271,16,0,1
BRDA:271,16,1,0
BRDA:275,17,0,0
BRDA:275,17,1,2
BRDA:276,18,0,0
BRDA:276,18,1,2
BRDA:290,19,0,1
BRDA:290,19,1,0
BRDA:291,20,0,1
BRDA:291,20,1,0
BRDA:300,21,0,1
BRDA:300,21,1,0
BRDA:301,22,0,1
BRDA:301,22,1,0
BRDA:307,23,0,0
BRDA:307,23,1,0
BRDA:310,24,0,1
BRDA:310,24,1,0
BRDA:312,25,0,0
BRDA:312,25,1,1
BRDA:313,26,0,1
BRDA:313,26,1,1
BRDA:317,27,0,0
BRDA:317,27,1,1
BRDA:318,28,0,0
BRDA:318,28,1,1
BRDA:333,29,0,0
BRDA:333,29,1,0
BRDA:339,30,0,0
BRDA:339,30,1,0
BRDA:394,31,0,0
BRDA:394,31,1,0
BRDA:399,32,0,0
BRDA:399,32,1,0
BRDA:401,33,0,0
BRDA:401,33,1,0
BRDA:417,34,0,0
BRDA:417,34,1,0
BRDA:432,35,0,0
BRDA:432,35,1,0
BRDA:438,36,0,0
BRDA:438,36,1,0
BRDA:448,37,0,0
BRDA:448,37,1,0
BRDA:453,38,0,0
BRDA:453,38,1,0
BRDA:464,39,0,0
BRDA:464,39,1,0
BRDA:494,40,0,0
BRDA:494,40,1,0
BRDA:530,41,0,0
BRDA:530,41,1,0
BRDA:546,42,0,0
BRDA:546,42,1,0
BRDA:561,43,0,0
BRDA:561,43,1,0
BRDA:574,44,0,0
BRDA:574,44,1,0
BRDA:580,45,0,0
BRDA:580,45,1,0
BRDA:591,46,0,0
BRDA:591,46,1,0
BRF:98
BRH:22
end_of_record
TN:
SF:src/middleware/authMiddleware.ts
FN:4,(anonymous_1)
FN:24,(anonymous_2)
FN:25,(anonymous_3)
FNF:3
FNH:3
FNDA:5,(anonymous_1)
FNDA:24,(anonymous_2)
FNDA:4,(anonymous_3)
DA:2,3
DA:4,3
DA:7,5
DA:8,4
DA:11,5
DA:12,1
DA:15,4
DA:16,4
DA:17,4
DA:18,4
DA:20,0
DA:24,3
DA:25,24
DA:26,4
DA:27,4
DA:28,0
DA:32,4
LF:17
LH:15
BRDA:7,0,0,4
BRDA:7,0,1,1
BRDA:7,1,0,5
BRDA:7,1,1,4
BRDA:11,2,0,1
BRDA:11,2,1,4
BRDA:16,3,0,4
BRDA:16,3,1,0
BRDA:27,4,0,0
BRDA:27,4,1,4
BRDA:27,5,0,4
BRDA:27,5,1,4
BRF:12
BRH:10
end_of_record
TN:
SF:src/middleware/uploadMiddleware.ts
FN:13,(anonymous_1)
FN:16,(anonymous_2)
FN:22,(anonymous_3)
FNF:3
FNH:0
FNDA:0,(anonymous_1)
FNDA:0,(anonymous_2)
FNDA:0,(anonymous_3)
DA:1,3
DA:2,3
DA:3,3
DA:5,3
DA:8,3
DA:9,0
DA:12,3
DA:14,0
DA:17,0
DA:18,0
DA:22,3
DA:23,0
DA:24,0
DA:25,0
DA:27,0
DA:28,0
DA:30,0
DA:34,3
LF:18
LH:8
BRDA:8,0,0,0
BRDA:8,0,1,3
BRDA:27,1,0,0
BRDA:27,1,1,0
BRDA:27,2,0,0
BRDA:27,2,1,0
BRF:6
BRH:1
end_of_record
TN:
SF:src/routes/adminRoutes.ts
FNF:0
FNH:0
DA:1,3
DA:2,3
DA:4,3
DA:5,3
DA:8,3
DA:9,3
DA:12,3
DA:13,3
DA:14,3
DA:17,3
DA:18,3
DA:21,3
DA:23,3
LF:13
LH:13
BRF:0
BRH:0
end_of_record
TN:
SF:src/routes/aiRoutes.ts
FNF:0
FNH:0
DA:1,3
DA:2,3
DA:3,3
DA:5,3
DA:8,3
DA:10,3
DA:11,3
DA:12,3
DA:14,3
LF:9
LH:9
BRF:0
BRH:0
end_of_record
TN:
SF:src/routes/applicationRoutes.ts
FNF:0
FNH:0
DA:1,3
DA:2,3
DA:4,3
DA:5,3
DA:8,3
DA:9,3
DA:13,3
DA:15,3
DA:16,3
DA:18,3
LF:10
LH:10
BRF:0
BRH:0
end_of_record
TN:
SF:src/routes/assessmentRoutes.ts
FNF:0
FNH:0
DA:1,3
DA:2,3
DA:3,3
DA:5,3
DA:6,3
DA:8,3
DA:10,3
DA:11,3
DA:12,3
DA:13,3
DA:15,3
LF:11
LH:11
BRF:0
BRH:0
end_of_record
TN:
SF:src/routes/authRoutes.ts
FNF:0
FNH:0
DA:1,3
DA:2,3
DA:3,3
DA:5,3
DA:6,3
DA:8,3
DA:9,3
DA:10,3
DA:11,3
DA:12,3
DA:13,3
DA:14,3
DA:16,3
LF:13
LH:13
BRF:0
BRH:0
end_of_record
TN:
SF:src/routes/automationRoutes.ts
FNF:0
FNH:0
DA:1,3
DA:2,3
DA:4,3
DA:5,3
DA:8,3
DA:11,3
DA:13,3
LF:7
LH:7
BRF:0
BRH:0
end_of_record
TN:
SF:src/routes/companyRoutes.ts
FNF:0
FNH:0
DA:1,3
DA:2,3
DA:3,3
DA:5,3
DA:6,3
DA:9,3
DA:10,3
DA:13,3
DA:14,3
DA:15,3
DA:18,3
DA:19,3
DA:20,3
DA:22,3
DA:23,3
DA:26,3
DA:27,3
DA:28,3
DA:29,3
DA:32,3
DA:33,3
DA:35,3
LF:22
LH:22
BRF:0
BRH:0
end_of_record
TN:
SF:src/routes/documentRoutes.ts
FNF:0
FNH:0
DA:1,3
DA:2,3
DA:3,3
DA:4,3
DA:6,3
DA:7,3
DA:9,3
DA:11,3
DA:12,3
DA:13,3
DA:16,3
DA:17,3
DA:18,3
DA:19,3
DA:20,3
DA:23,3
DA:24,3
DA:25,3
DA:27,3
LF:19
LH:19
BRF:0
BRH:0
end_of_record
TN:
SF:src/routes/institutionRoutes.ts
FNF:0
FNH:0
DA:1,3
DA:2,3
DA:3,3
DA:5,3
DA:7,3
DA:8,3
DA:9,3
DA:11,3
DA:12,3
DA:15,3
DA:18,3
DA:19,3
DA:20,3
DA:21,3
DA:22,3
DA:25,3
DA:26,3
DA:27,3
DA:28,3
DA:29,3
DA:30,3
DA:33,3
DA:35,3
LF:23
LH:23
BRF:0
BRH:0
end_of_record
TN:
SF:src/routes/learningRoutes.ts
FNF:0
FNH:0
DA:1,3
DA:2,3
DA:4,3
DA:5,3
DA:7,3
DA:8,3
DA:10,3
LF:7
LH:7
BRF:0
BRH:0
end_of_record
TN:
SF:src/routes/messageRoutes.ts
FNF:0
FNH:0
DA:1,3
DA:2,3
DA:3,3
DA:5,3
DA:6,3
DA:8,3
DA:10,3
DA:11,3
DA:12,3
DA:13,3
DA:15,3
LF:11
LH:11
BRF:0
BRH:0
end_of_record
TN:
SF:src/routes/notificationRoutes.ts
FNF:0
FNH:0
DA:1,3
DA:2,3
DA:4,3
DA:5,3
DA:7,3
DA:8,3
DA:10,3
LF:7
LH:7
BRF:0
BRH:0
end_of_record
TN:
SF:src/routes/paymentRoutes.ts
FNF:0
FNH:0
DA:1,3
DA:2,3
DA:4,3
DA:5,3
DA:8,3
DA:11,3
DA:15,3
DA:17,3
LF:8
LH:8
BRF:0
BRH:0
end_of_record
TN:
SF:src/routes/placementRoutes.ts
FNF:0
FNH:0
DA:2,3
DA:3,3
DA:4,3
DA:6,3
DA:7,3
DA:9,3
DA:11,3
DA:12,3
DA:13,3
DA:14,3
DA:15,3
DA:16,3
DA:17,3
DA:20,3
DA:21,3
DA:22,3
DA:24,3
LF:17
LH:17
BRF:0
BRH:0
end_of_record
TN:
SF:src/routes/publicRoutes.ts
FNF:0
FNH:0
DA:2,3
DA:3,3
DA:4,3
DA:6,3
DA:7,3
DA:8,3
DA:10,3
DA:11,3
DA:12,3
DA:14,3
LF:10
LH:10
BRF:0
BRH:0
end_of_record
TN:
SF:src/routes/studentRoutes.ts
FN:12,(anonymous_1)
FN:15,(anonymous_2)
FN:23,(anonymous_3)
FN:26,(anonymous_4)
FNF:4
FNH:0
FNDA:0,(anonymous_1)
FNDA:0,(anonymous_2)
FNDA:0,(anonymous_3)
FNDA:0,(anonymous_4)
DA:1,3
DA:2,3
DA:3,3
DA:4,3
DA:5,3
DA:7,3
DA:8,3
DA:11,3
DA:13,0
DA:16,0
DA:17,0
DA:18,0
DA:22,3
DA:24,0
DA:27,0
DA:28,0
DA:29,0
DA:33,3
DA:34,3
DA:37,3
DA:38,3
DA:40,3
DA:41,3
DA:42,3
DA:43,3
DA:44,3
DA:45,3
DA:46,3
DA:47,3
DA:48,3
DA:49,3
DA:50,3
DA:51,3
DA:54,3
DA:55,3
DA:58,3
DA:59,3
DA:61,3
LF:38
LH:30
BRF:0
BRH:0
end_of_record
TN:
SF:src/services/AIService.ts
FN:9,(anonymous_1)
FN:25,(anonymous_2)
FN:38,(anonymous_3)
FN:51,(anonymous_4)
FN:65,(anonymous_5)
FN:101,(anonymous_6)
FN:116,(anonymous_7)
FN:132,(anonymous_8)
FNF:8
FNH:0
FNDA:0,(anonymous_1)
FNDA:0,(anonymous_2)
FNDA:0,(anonymous_3)
FNDA:0,(anonymous_4)
FNDA:0,(anonymous_5)
FNDA:0,(anonymous_6)
FNDA:0,(anonymous_7)
FNDA:0,(anonymous_8)
DA:1,3
DA:3,3
DA:5,3
DA:10,0
DA:11,0
DA:15,0
DA:17,0
DA:18,0
DA:26,0
DA:27,0
DA:28,0
DA:30,0
DA:31,0
DA:39,0
DA:40,0
DA:41,0
DA:43,0
DA:44,0
DA:52,0
DA:53,0
DA:54,0
DA:56,0
DA:57,0
DA:66,0
DA:67,0
DA:70,0
DA:72,0
DA:74,0
DA:75,0
DA:76,0
DA:80,0
DA:81,0
DA:85,0
DA:86,0
DA:91,0
DA:102,0
DA:103,0
DA:106,0
DA:108,0
DA:109,0
DA:117,0
DA:118,0
DA:123,0
DA:125,0
DA:126,0
DA:133,0
DA:134,0
DA:139,0
DA:141,0
DA:143,0
LF:50
LH:3
BRDA:3,0,0,3
BRDA:3,0,1,0
BRDA:75,1,0,0
BRDA:75,1,1,0
BRDA:75,2,0,0
BRDA:75,2,1,0
BRDA:75,2,2,0
BRDA:80,3,0,0
BRDA:80,3,1,0
BRDA:80,4,0,0
BRDA:80,4,1,0
BRDA:80,4,2,0
BRDA:85,5,0,0
BRDA:85,5,1,0
BRDA:85,6,0,0
BRDA:85,6,1,0
BRDA:85,6,2,0
BRDA:132,7,0,0
BRF:18
BRH:1
end_of_record
TN:
SF:src/services/AutomationService.ts
FN:10,(anonymous_1)
FN:40,(anonymous_2)
FN:45,(anonymous_3)
FN:73,(anonymous_4)
FN:156,(anonymous_5)
FNF:5
FNH:1
FNDA:1,(anonymous_1)
FNDA:0,(anonymous_2)
FNDA:0,(anonymous_3)
FNDA:0,(anonymous_4)
FNDA:0,(anonymous_5)
DA:1,4
DA:3,4
DA:12,1
DA:13,1
DA:15,0
DA:17,0
DA:18,0
DA:22,0
DA:30,0
DA:32,0
DA:33,0
DA:36,0
DA:37,0
DA:38,0
DA:39,0
DA:40,0
DA:43,0
DA:44,0
DA:45,0
DA:48,0
DA:49,0
DA:50,0
DA:52,0
DA:55,0
DA:56,0
DA:60,0
DA:61,0
DA:62,0
DA:67,0
DA:74,0
DA:75,0
DA:76,0
DA:78,0
DA:79,0
DA:80,0
DA:82,0
DA:83,0
DA:84,0
DA:87,0
DA:95,0
DA:97,0
DA:98,0
DA:99,0
DA:102,0
DA:103,0
DA:105,0
DA:106,0
DA:107,0
DA:110,0
DA:118,0
DA:120,0
DA:126,0
DA:127,0
DA:135,0
DA:136,0
DA:137,0
DA:144,0
DA:148,0
DA:157,0
DA:158,0
DA:161,0
DA:170,0
DA:172,0
DA:174,0
DA:181,0
DA:189,0
LF:66
LH:4
BRDA:13,0,0,1
BRDA:13,0,1,0
BRDA:17,1,0,0
BRDA:17,1,1,0
BRDA:32,2,0,0
BRDA:32,2,1,0
BRDA:38,3,0,0
BRDA:38,3,1,0
BRDA:39,4,0,0
BRDA:39,4,1,0
BRDA:43,5,0,0
BRDA:43,5,1,0
BRDA:44,6,0,0
BRDA:44,6,1,0
BRDA:48,7,0,0
BRDA:48,7,1,0
BRDA:49,8,0,0
BRDA:49,8,1,0
BRDA:55,9,0,0
BRDA:55,9,1,0
BRDA:76,10,0,0
BRDA:76,10,1,0
BRDA:79,11,0,0
BRDA:79,11,1,0
BRDA:79,12,0,0
BRDA:79,12,1,0
BRDA:83,13,0,0
BRDA:83,13,1,0
BRDA:84,14,0,0
BRDA:84,14,1,0
BRDA:102,15,0,0
BRDA:102,15,1,0
BRDA:102,16,0,0
BRDA:102,16,1,0
BRDA:126,17,0,0
BRDA:126,17,1,0
BRDA:136,18,0,0
BRDA:136,18,1,0
BRF:38
BRH:1
end_of_record
TN:
SF:src/services/DocumentAutoFillService.ts
FN:10,(anonymous_1)
FN:16,(anonymous_2)
FN:68,(anonymous_3)
FN:69,(anonymous_4)
FNF:4
FNH:0
FNDA:0,(anonymous_1)
FNDA:0,(anonymous_2)
FNDA:0,(anonymous_3)
FNDA:0,(anonymous_4)
DA:1,3
DA:2,3
DA:3,3
DA:4,3
DA:6,3
DA:16,0
DA:17,0
DA:19,0
DA:20,0
DA:21,0
DA:24,0
DA:25,0
DA:26,0
DA:28,0
DA:31,0
DA:32,0
DA:33,0
DA:35,0
DA:36,0
DA:39,0
DA:40,0
DA:43,0
DA:44,0
DA:45,0
DA:46,0
DA:48,0
DA:52,0
DA:53,0
DA:56,0
DA:58,0
DA:59,0
DA:60,0
DA:63,0
DA:64,0
DA:66,0
DA:68,0
DA:69,0
LF:37
LH:5
BRDA:20,0,0,0
BRDA:20,0,1,0
BRF:2
BRH:0
end_of_record
TN:
SF:src/services/DocumentIntelligenceService.ts
FN:8,(anonymous_1)
FN:60,(anonymous_2)
FN:111,(anonymous_3)
FN:124,(anonymous_4)
FN:125,(anonymous_5)
FNF:5
FNH:2
FNDA:1,(anonymous_1)
FNDA:1,(anonymous_2)
FNDA:0,(anonymous_3)
FNDA:0,(anonymous_4)
FNDA:0,(anonymous_5)
DA:1,1
DA:4,1
DA:9,1
DA:11,1
DA:18,1
DA:19,1
DA:22,1
DA:42,1
DA:48,1
DA:51,0
DA:52,0
DA:61,1
DA:63,1
DA:64,1
DA:65,1
DA:67,1
DA:71,1
DA:74,1
DA:77,1
DA:90,1
DA:95,1
DA:96,1
DA:100,1
DA:103,0
DA:104,0
DA:112,0
DA:115,0
DA:116,0
DA:117,0
DA:119,0
DA:124,0
DA:125,0
DA:127,0
LF:33
LH:21
BRDA:18,0,0,0
BRDA:18,0,1,1
BRDA:64,1,0,0
BRDA:64,1,1,1
BRDA:78,2,0,1
BRDA:78,2,1,0
BRDA:79,3,0,1
BRDA:79,3,1,0
BRDA:84,4,0,1
BRDA:84,4,1,0
BRDA:95,5,0,1
BRDA:95,5,1,0
BRDA:116,6,0,0
BRDA:116,6,1,0
BRF:14
BRH:6
end_of_record
TN:
SF:src/services/EmailService.ts
FN:11,(anonymous_1)
FN:42,(anonymous_2)
FN:51,(anonymous_3)
FN:86,(anonymous_4)
FN:117,(anonymous_5)
FNF:5
FNH:2
FNDA:3,(anonymous_1)
FNDA:1,(anonymous_2)
FNDA:0,(anonymous_3)
FNDA:0,(anonymous_4)
FNDA:0,(anonymous_5)
DA:1,3
DA:2,3
DA:4,3
DA:6,3
DA:12,3
DA:20,3
DA:22,3
DA:42,3
DA:43,1
DA:44,0
DA:45,1
DA:46,0
DA:52,0
DA:53,0
DA:54,0
DA:56,0
DA:60,0
DA:67,0
DA:69,0
DA:70,0
DA:71,0
DA:73,0
DA:74,0
DA:75,0
DA:76,0
DA:78,0
DA:79,0
DA:82,0
DA:87,0
DA:88,0
DA:89,0
DA:114,0
DA:118,0
DA:119,0
DA:120,0
DA:144,0
DA:148,3
DA:149,3
LF:38
LH:12
BRDA:22,0,0,3
BRDA:22,0,1,0
BRDA:30,1,0,0
BRDA:30,1,1,0
BRDA:43,2,0,0
BRDA:43,2,1,1
BRDA:45,3,0,0
BRDA:45,3,1,1
BRDA:56,4,0,0
BRDA:56,4,1,0
BRDA:58,5,0,0
BRDA:58,5,1,0
BRDA:78,6,0,0
BRDA:78,6,1,0
BRDA:87,7,0,0
BRDA:87,7,1,0
BRDA:118,8,0,0
BRDA:118,8,1,0
BRF:18
BRH:3
end_of_record
TN:
SF:src/services/InstitutionSyncService.ts
FN:8,(anonymous_1)
FN:83,(anonymous_2)
FN:105,(anonymous_3)
FN:149,(anonymous_4)
FNF:4
FNH:3
FNDA:1,(anonymous_1)
FNDA:0,(anonymous_2)
FNDA:1,(anonymous_3)
FNDA:1,(anonymous_4)
DA:1,4
DA:3,4
DA:9,1
DA:11,1
DA:18,1
DA:20,1
DA:21,1
DA:23,1
DA:26,1
DA:27,1
DA:28,0
DA:29,0
DA:30,0
DA:34,1
DA:40,1
DA:42,0
DA:43,0
DA:46,1
DA:47,1
DA:48,1
DA:49,1
DA:54,1
DA:72,1
DA:74,1
DA:77,0
DA:78,0
DA:79,0
DA:84,0
DA:86,0
DA:87,0
DA:90,0
DA:99,0
DA:101,0
DA:106,1
DA:108,1
DA:117,1
DA:118,1
DA:120,1
DA:121,0
DA:122,0
DA:125,0
DA:126,0
DA:134,0
DA:142,1
DA:145,0
DA:150,1
DA:152,1
DA:153,1
DA:156,1
DA:162,1
DA:163,3
DA:169,1
DA:172,0
LF:53
LH:32
BRDA:18,0,0,0
BRDA:18,0,1,1
BRDA:23,1,0,0
BRDA:23,1,1,1
BRDA:27,2,0,0
BRDA:27,2,1,1
BRDA:27,3,0,1
BRDA:27,3,1,0
BRDA:40,4,0,0
BRDA:40,4,1,1
BRDA:122,5,0,0
BRDA:122,5,1,0
BRDA:125,6,0,0
BRDA:125,6,1,0
BRDA:153,7,0,0
BRDA:153,7,1,1
BRF:16
BRH:6
end_of_record
TN:
SF:src/services/MessageService.ts
FN:10,(anonymous_1)
FN:48,(anonymous_2)
FN:73,(anonymous_3)
FN:81,(anonymous_4)
FN:100,(anonymous_5)
FNF:5
FNH:0
FNDA:0,(anonymous_1)
FNDA:0,(anonymous_2)
FNDA:0,(anonymous_3)
FNDA:0,(anonymous_4)
FNDA:0,(anonymous_5)
DA:1,3
DA:2,3
DA:3,3
DA:4,3
DA:6,3
DA:11,0
DA:16,0
DA:26,0
DA:29,0
DA:35,0
DA:42,0
DA:49,0
DA:58,0
DA:60,0
DA:61,0
DA:62,0
DA:63,0
DA:64,0
DA:65,0
DA:68,0
DA:69,0
DA:70,0
DA:74,0
DA:75,0
DA:82,0
DA:83,0
DA:84,0
DA:90,0
DA:92,0
DA:93,0
DA:101,0
DA:102,0
DA:103,0
DA:107,0
DA:109,0
DA:110,0
LF:36
LH:5
BRDA:20,0,0,0
BRDA:20,0,1,0
BRDA:21,1,0,0
BRDA:21,1,1,0
BRDA:22,2,0,0
BRDA:22,2,1,0
BRDA:23,3,0,0
BRDA:23,3,1,0
BRDA:38,4,0,0
BRDA:38,4,1,0
BRDA:60,5,0,0
BRDA:60,5,1,0
BRDA:63,6,0,0
BRDA:63,6,1,0
BRDA:75,7,0,0
BRDA:75,7,1,0
BRDA:82,8,0,0
BRDA:82,8,1,0
BRDA:101,9,0,0
BRDA:101,9,1,0
BRF:20
BRH:0
end_of_record
TN:
SF:src/services/NotificationService.ts
FN:10,(anonymous_1)
FN:23,(anonymous_2)
FN:64,(anonymous_3)
FN:76,(anonymous_4)
FN:86,(anonymous_5)
FN:98,(anonymous_6)
FN:111,(anonymous_7)
FNF:7
FNH:0
FNDA:0,(anonymous_1)
FNDA:0,(anonymous_2)
FNDA:0,(anonymous_3)
FNDA:0,(anonymous_4)
FNDA:0,(anonymous_5)
FNDA:0,(anonymous_6)
FNDA:0,(anonymous_7)
DA:1,3
DA:2,3
DA:3,3
DA:5,3
DA:9,3
DA:10,0
DA:11,0
DA:14,3
DA:31,0
DA:36,0
DA:38,0
DA:41,0
DA:42,0
DA:51,0
DA:54,0
DA:57,0
DA:65,0
DA:66,0
DA:68,0
DA:69,0
DA:77,0
DA:78,0
DA:79,0
DA:80,0
DA:87,0
DA:99,0
DA:100,0
DA:112,0
LF:28
LH:6
BRDA:6,0,0,3
BRDA:6,0,1,0
BRDA:6,1,0,3
BRDA:6,1,1,0
BRDA:9,2,0,0
BRDA:9,2,1,3
BRDA:27,3,0,0
BRDA:28,4,0,0
BRDA:29,5,0,0
BRDA:38,6,0,0
BRDA:38,6,1,0
BRDA:38,7,0,0
BRDA:38,7,1,0
BRDA:79,8,0,0
BRDA:79,8,1,0
BRF:15
BRH:3
end_of_record
TN:
SF:src/services/PaymentService.ts
FN:3,(anonymous_1)
FN:13,(anonymous_2)
FN:21,(anonymous_3)
FNF:3
FNH:1
FNDA:3,(anonymous_1)
FNDA:0,(anonymous_2)
FNDA:0,(anonymous_3)
DA:1,3
DA:3,3
DA:4,3
DA:5,3
DA:6,3
DA:7,3
DA:8,3
DA:9,3
DA:14,0
DA:15,0
DA:18,0
DA:22,0
DA:23,0
DA:24,0
DA:26,0
DA:42,0
LF:16
LH:8
BRDA:4,0,0,3
BRDA:4,0,1,0
BRDA:5,1,0,3
BRDA:5,1,1,0
BRDA:6,2,0,3
BRDA:6,2,1,0
BRDA:7,3,0,3
BRDA:7,3,1,0
BRDA:8,4,0,3
BRDA:8,4,1,0
BRDA:9,5,0,0
BRDA:9,5,1,3
BRDA:21,6,0,0
BRF:13
BRH:6
end_of_record
TN:
SF:src/services/RealtimeService.ts
FN:7,(anonymous_0)
FN:16,(anonymous_1)
FN:25,(anonymous_2)
FNF:3
FNH:0
FNDA:0,(anonymous_0)
FNDA:0,(anonymous_1)
FNDA:0,(anonymous_2)
DA:1,3
DA:3,3
DA:8,0
DA:9,0
DA:17,0
DA:18,0
DA:26,0
DA:27,0
LF:8
LH:2
BRDA:8,0,0,0
BRDA:8,0,1,0
BRDA:17,1,0,0
BRDA:17,1,1,0
BRDA:26,2,0,0
BRDA:26,2,1,0
BRF:6
BRH:0
end_of_record
TN:
SF:src/services/SignatureService.ts
FN:9,(anonymous_1)
FNF:1
FNH:0
FNDA:0,(anonymous_1)
DA:1,3
DA:3,3
DA:10,0
DA:11,0
DA:14,0
DA:19,0
LF:6
LH:2
BRDA:14,0,0,0
BRDA:14,0,1,0
BRF:2
BRH:0
end_of_record
